Removed Pin From Net: NetName=5V Pin=C9-1
Removed Pin From Net: NetName=5V Pin=C10-1
Removed Pin From Net: NetName=5V Pin=IC1-4
Removed Pin From Net: NetName=5V Pin=L1-2
Removed Pin From Net: NetName=5V Pin=R13-1
Removed Pin From Net: NetName=5V Pin=R14-1
Removed Pin From Net: NetName=5V Pin=S1-1
Removed Pin From Net: NetName=5V Pin=U3-14
Change Net Name : Old Net Name=5V New Net Name=GND
Added Pin To Net: NetName=5V Pin=C8-1
Added Pin To Net: NetName=5V Pin=C9-1
Added Pin To Net: NetName=5V Pin=C10-1
Added Pin To Net: NetName=5V Pin=IC1-4
Added Pin To Net: NetName=5V Pin=IC1-5
Added Pin To Net: NetName=5V Pin=L1-2
Added Pin To Net: NetName=5V Pin=R13-1
Added Pin To Net: NetName=5V Pin=R14-1
Added Pin To Net: NetName=5V Pin=S1-1
Added Pin To Net: NetName=5V Pin=U3-14
Added Net: Name=5V
