Removed Pin From Net: NetName=VCC Pin=E1-1
Removed Pin From Net: NetName=VCC Pin=J3-2
Removed Pin From Net: NetName=VCC Pin=Q1-1
Removed Pin From Net: NetName=VCC Pin=Q1-1
Removed Pin From Net: NetName=VCC Pin=Q1-1
Removed Pin From Net: NetName=VCC Pin=Q1-1
Removed Pin From Net: NetName=VCC Pin=Q1-1
Removed Pin From Net: NetName=VCC Pin=Q1-1
Removed Pin From Net: NetName=VCC Pin=Q3-1
Removed Pin From Net: NetName=VCC Pin=Q3-1
Removed Pin From Net: NetName=VCC Pin=Q3-1
Removed Pin From Net: NetName=VCC Pin=Q3-1
Removed Pin From Net: NetName=VCC Pin=Q3-1
Removed Pin From Net: NetName=VCC Pin=Q3-1
Removed Pin From Net: NetName=VCC Pin=Q5-1
Removed Pin From Net: NetName=VCC Pin=Q5-1
Removed Pin From Net: NetName=VCC Pin=Q5-1
Removed Pin From Net: NetName=VCC Pin=Q5-1
Removed Pin From Net: NetName=VCC Pin=Q5-1
Removed Pin From Net: NetName=VCC Pin=Q5-1
Removed Pin From Net: NetName=VCC Pin=Q7-1
Removed Pin From Net: NetName=VCC Pin=Q7-1
Removed Pin From Net: NetName=VCC Pin=Q7-1
Removed Pin From Net: NetName=VCC Pin=Q7-1
Removed Pin From Net: NetName=VCC Pin=Q7-1
Removed Pin From Net: NetName=VCC Pin=Q7-1
Added Component: Designator=C11(C0805_L)
Add component (AddParameter): Name = "BOM名称"; Value = "无极性贴片电容"; VariantName = "[No Variations]"
Added Component: Designator=C12(C0805_L)
Add component (AddParameter): Name = "BOM名称"; Value = "无极性贴片电容"; VariantName = "[No Variations]"
Added Component: Designator=C13(C0805_L)
Add component (AddParameter): Name = "BOM名称"; Value = "无极性贴片电容"; VariantName = "[No Variations]"
Added Component: Designator=C14(C0805_L)
Add component (AddParameter): Name = "BOM名称"; Value = "无极性贴片电容"; VariantName = "[No Variations]"
Added Component: Designator=V1(SOT223_L)
Add component (AddParameter): Name = "BOM名称"; Value = "稳压芯片"; VariantName = "[No Variations]"
Added Pin To Net: NetName=VCC Pin=C7-2
Added Pin To Net: NetName=5V Pin=C13-2
Added Pin To Net: NetName=5V Pin=C14-2
Added Pin To Net: NetName=VCC Pin=D5-2
Added Pin To Net: NetName=VCC Pin=R11-2
Added Pin To Net: NetName=5V Pin=V1-2
Change Net Name : Old Net Name=VCC New Net Name=12V
Added Pin To Net: NetName=NetC11_1 Pin=C11-1
Added Pin To Net: NetName=NetC11_1 Pin=C12-1
Added Pin To Net: NetName=NetC11_1 Pin=C13-1
Added Pin To Net: NetName=NetC11_1 Pin=C14-1
Added Pin To Net: NetName=NetC11_1 Pin=V1-1
Added Net: Name=NetC11_1
Added Pin To Net: NetName=VCC Pin=C11-2
Added Pin To Net: NetName=VCC Pin=C12-2
Added Pin To Net: NetName=VCC Pin=E1-1
Added Pin To Net: NetName=VCC Pin=J3-2
Added Pin To Net: NetName=VCC Pin=Q1-1
Added Pin To Net: NetName=VCC Pin=Q1-1
Added Pin To Net: NetName=VCC Pin=Q1-1
Added Pin To Net: NetName=VCC Pin=Q1-1
Added Pin To Net: NetName=VCC Pin=Q1-1
Added Pin To Net: NetName=VCC Pin=Q1-1
Added Pin To Net: NetName=VCC Pin=Q3-1
Added Pin To Net: NetName=VCC Pin=Q3-1
Added Pin To Net: NetName=VCC Pin=Q3-1
Added Pin To Net: NetName=VCC Pin=Q3-1
Added Pin To Net: NetName=VCC Pin=Q3-1
Added Pin To Net: NetName=VCC Pin=Q3-1
Added Pin To Net: NetName=VCC Pin=Q5-1
Added Pin To Net: NetName=VCC Pin=Q5-1
Added Pin To Net: NetName=VCC Pin=Q5-1
Added Pin To Net: NetName=VCC Pin=Q5-1
Added Pin To Net: NetName=VCC Pin=Q5-1
Added Pin To Net: NetName=VCC Pin=Q5-1
Added Pin To Net: NetName=VCC Pin=Q7-1
Added Pin To Net: NetName=VCC Pin=Q7-1
Added Pin To Net: NetName=VCC Pin=Q7-1
Added Pin To Net: NetName=VCC Pin=Q7-1
Added Pin To Net: NetName=VCC Pin=Q7-1
Added Pin To Net: NetName=VCC Pin=Q7-1
Added Pin To Net: NetName=VCC Pin=V1-3
Added Net: Name=VCC
Added Member To Class: ClassName=智能车驱动板HIP4082 Member=Component C11 10nF
Added Member To Class: ClassName=智能车驱动板HIP4082 Member=Component C12 0.1nF
Added Member To Class: ClassName=智能车驱动板HIP4082 Member=Component C13 10nF
Added Member To Class: ClassName=智能车驱动板HIP4082 Member=Component C14 0.1nF
Added Member To Class: ClassName=智能车驱动板HIP4082 Member=Component V1 SPX1117-3V3
