Removed Pin From Net: NetName=PWM-L2A Pin=U1-4
Removed Pin From Net: NetName=PWM-L2A Pin=U3-6
Change Component Comment : Designator=R15 Old Comment=10K New Comment=1K
Change Component Comment : Designator=R16 Old Comment=10K New Comment=1K
Change Component Comment : Designator=R17 Old Comment=10K New Comment=1K
Change Component Comment : Designator=R18 Old Comment=10K New Comment=1K
Change Net Name : Old Net Name=PWM-L2A New Net Name=5V
Change Net Color : Old Net Color=Red New Net Color=Default
Change Net Color : Old Net Color=Red New Net Color=Default
Change Net Color : Old Net Color=Red New Net Color=Default
Change Net Color : Old Net Color=RGB(191, 0, 0) New Net Color=Default
Added Pin To Net: NetName=PWM-L2A Pin=U1-4
Added Pin To Net: NetName=PWM-L2A Pin=U3-6
Added Net: Name=PWM-L2A
Added Member To Class: ClassName=智能车驱动板HIP4082 Member=Component C9 0.1uF
Added Member To Class: ClassName=智能车驱动板HIP4082 Member=Component D4 1N5819
Added Member To Class: ClassName=智能车驱动板HIP4082 Member=Component J2 XT30PW-M
Added Member To Class: ClassName=智能车驱动板HIP4082 Member=Component Q5 TPH1R403NL
Added Member To Class: ClassName=智能车驱动板HIP4082 Member=Component Q6 TPH1R403NL
Added Member To Class: ClassName=智能车驱动板HIP4082 Member=Component Q7 TPH1R403NL
Added Member To Class: ClassName=智能车驱动板HIP4082 Member=Component Q8 TPH1R403NL
Added Member To Class: ClassName=智能车驱动板HIP4082 Member=Component R4 100R
Added Member To Class: ClassName=智能车驱动板HIP4082 Member=Component R5 100R
Added Member To Class: ClassName=智能车驱动板HIP4082 Member=Component R6 100R
Added Member To Class: ClassName=智能车驱动板HIP4082 Member=Component R7 100R
Added Member To Class: ClassName=智能车驱动板HIP4082 Member=Component R14 10K
Added Member To Class: ClassName=智能车驱动板HIP4082 Member=Component U2 HIP4082IBZT
