Replace Part C1 C-SMD in C:\Users\JIERUI\Desktop\2023 Smart Car\Smart-Car\PCB Source project\Altium\智能车驱动板HIP4082\智能车驱动板HIP4082.SchDoc with C-SMD from 0.1_电容&电感&电阻&保险丝.SchLib
Replace Part C2 C-SMD in C:\Users\JIERUI\Desktop\2023 Smart Car\Smart-Car\PCB Source project\Altium\智能车驱动板HIP4082\智能车驱动板HIP4082.SchDoc with C-SMD from 0.1_电容&电感&电阻&保险丝.SchLib
Replace Part C3 C-SMD in C:\Users\JIERUI\Desktop\2023 Smart Car\Smart-Car\PCB Source project\Altium\智能车驱动板HIP4082\智能车驱动板HIP4082.SchDoc with C-SMD from 0.1_电容&电感&电阻&保险丝.SchLib
Replace Part C4 C-SMD in C:\Users\JIERUI\Desktop\2023 Smart Car\Smart-Car\PCB Source project\Altium\智能车驱动板HIP4082\智能车驱动板HIP4082.SchDoc with C-SMD from 0.1_电容&电感&电阻&保险丝.SchLib
Replace Part C5 C-SMD in C:\Users\JIERUI\Desktop\2023 Smart Car\Smart-Car\PCB Source project\Altium\智能车驱动板HIP4082\智能车驱动板HIP4082.SchDoc with C-SMD from 0.1_电容&电感&电阻&保险丝.SchLib
Replace Part C6 C-SMD in C:\Users\JIERUI\Desktop\2023 Smart Car\Smart-Car\PCB Source project\Altium\智能车驱动板HIP4082\智能车驱动板HIP4082.SchDoc with C-SMD from 0.1_电容&电感&电阻&保险丝.SchLib
Replace Part C7 C-SMD in C:\Users\JIERUI\Desktop\2023 Smart Car\Smart-Car\PCB Source project\Altium\智能车驱动板HIP4082\智能车驱动板HIP4082.SchDoc with C-SMD from 0.1_电容&电感&电阻&保险丝.SchLib
Replace Part C8 C-SMD in C:\Users\JIERUI\Desktop\2023 Smart Car\Smart-Car\PCB Source project\Altium\智能车驱动板HIP4082\智能车驱动板HIP4082.SchDoc with C-SMD from 0.1_电容&电感&电阻&保险丝.SchLib
Replace Part C9 C-SMD in C:\Users\JIERUI\Desktop\2023 Smart Car\Smart-Car\PCB Source project\Altium\智能车驱动板HIP4082\智能车驱动板HIP4082.SchDoc with C-SMD from 0.1_电容&电感&电阻&保险丝.SchLib
Replace Part C10 C-SMD in C:\Users\JIERUI\Desktop\2023 Smart Car\Smart-Car\PCB Source project\Altium\智能车驱动板HIP4082\智能车驱动板HIP4082.SchDoc with C-SMD from 0.1_电容&电感&电阻&保险丝.SchLib
Replace Part D1 1N5819 in C:\Users\JIERUI\Desktop\2023 Smart Car\Smart-Car\PCB Source project\Altium\智能车驱动板HIP4082\智能车驱动板HIP4082.SchDoc with 1N5819 from 0.2_二极管&整流桥.SchLib
Replace Part D2 1N5819 in C:\Users\JIERUI\Desktop\2023 Smart Car\Smart-Car\PCB Source project\Altium\智能车驱动板HIP4082\智能车驱动板HIP4082.SchDoc with 1N5819 from 0.2_二极管&整流桥.SchLib
Replace Part D3 1N5819 in C:\Users\JIERUI\Desktop\2023 Smart Car\Smart-Car\PCB Source project\Altium\智能车驱动板HIP4082\智能车驱动板HIP4082.SchDoc with 1N5819 from 0.2_二极管&整流桥.SchLib
Replace Part D4 1N5819 in C:\Users\JIERUI\Desktop\2023 Smart Car\Smart-Car\PCB Source project\Altium\智能车驱动板HIP4082\智能车驱动板HIP4082.SchDoc with 1N5819 from 0.2_二极管&整流桥.SchLib
Replace Part D5 1N5819 in C:\Users\JIERUI\Desktop\2023 Smart Car\Smart-Car\PCB Source project\Altium\智能车驱动板HIP4082\智能车驱动板HIP4082.SchDoc with 1N5819 from 0.2_二极管&整流桥.SchLib
Replace Part D6 LED_SMD in C:\Users\JIERUI\Desktop\2023 Smart Car\Smart-Car\PCB Source project\Altium\智能车驱动板HIP4082\智能车驱动板HIP4082.SchDoc with LED_SMD from 0.3_LED发光二极管.SchLib
Replace Part D7 LED_SMD in C:\Users\JIERUI\Desktop\2023 Smart Car\Smart-Car\PCB Source project\Altium\智能车驱动板HIP4082\智能车驱动板HIP4082.SchDoc with LED_SMD from 0.3_LED发光二极管.SchLib
Replace Part E1 C-CS in C:\Users\JIERUI\Desktop\2023 Smart Car\Smart-Car\PCB Source project\Altium\智能车驱动板HIP4082\智能车驱动板HIP4082.SchDoc with C-CS from 0.1_电容&电感&电阻&保险丝.SchLib
Replace Part IC1 SX1308 in C:\Users\JIERUI\Desktop\2023 Smart Car\Smart-Car\PCB Source project\Altium\智能车驱动板HIP4082\智能车驱动板HIP4082.SchDoc with SX1308 from 1.1_电源类芯片.SchLib
Replace Part L1 L-NR in C:\Users\JIERUI\Desktop\2023 Smart Car\Smart-Car\PCB Source project\Altium\智能车驱动板HIP4082\智能车驱动板HIP4082.SchDoc with L-NR from 0.1_电容&电感&电阻&保险丝.SchLib
Replace Part Q1 TPH1R403NL in C:\Users\JIERUI\Desktop\2023 Smart Car\Smart-Car\PCB Source project\Altium\智能车驱动板HIP4082\智能车驱动板HIP4082.SchDoc with TPH1R403NL from 0.4_场效应管&可控硅.SchLib
Replace Part Q2 TPH1R403NL in C:\Users\JIERUI\Desktop\2023 Smart Car\Smart-Car\PCB Source project\Altium\智能车驱动板HIP4082\智能车驱动板HIP4082.SchDoc with TPH1R403NL from 0.4_场效应管&可控硅.SchLib
Replace Part Q3 TPH1R403NL in C:\Users\JIERUI\Desktop\2023 Smart Car\Smart-Car\PCB Source project\Altium\智能车驱动板HIP4082\智能车驱动板HIP4082.SchDoc with TPH1R403NL from 0.4_场效应管&可控硅.SchLib
Replace Part Q4 TPH1R403NL in C:\Users\JIERUI\Desktop\2023 Smart Car\Smart-Car\PCB Source project\Altium\智能车驱动板HIP4082\智能车驱动板HIP4082.SchDoc with TPH1R403NL from 0.4_场效应管&可控硅.SchLib
Replace Part Q5 TPH1R403NL in C:\Users\JIERUI\Desktop\2023 Smart Car\Smart-Car\PCB Source project\Altium\智能车驱动板HIP4082\智能车驱动板HIP4082.SchDoc with TPH1R403NL from 0.4_场效应管&可控硅.SchLib
Replace Part Q6 TPH1R403NL in C:\Users\JIERUI\Desktop\2023 Smart Car\Smart-Car\PCB Source project\Altium\智能车驱动板HIP4082\智能车驱动板HIP4082.SchDoc with TPH1R403NL from 0.4_场效应管&可控硅.SchLib
Replace Part Q7 TPH1R403NL in C:\Users\JIERUI\Desktop\2023 Smart Car\Smart-Car\PCB Source project\Altium\智能车驱动板HIP4082\智能车驱动板HIP4082.SchDoc with TPH1R403NL from 0.4_场效应管&可控硅.SchLib
Replace Part Q8 TPH1R403NL in C:\Users\JIERUI\Desktop\2023 Smart Car\Smart-Car\PCB Source project\Altium\智能车驱动板HIP4082\智能车驱动板HIP4082.SchDoc with TPH1R403NL from 0.4_场效应管&可控硅.SchLib
Replace Part R1 R-SMD in C:\Users\JIERUI\Desktop\2023 Smart Car\Smart-Car\PCB Source project\Altium\智能车驱动板HIP4082\智能车驱动板HIP4082.SchDoc with R-SMD from 0.1_电容&电感&电阻&保险丝.SchLib
Replace Part R2 R-SMD in C:\Users\JIERUI\Desktop\2023 Smart Car\Smart-Car\PCB Source project\Altium\智能车驱动板HIP4082\智能车驱动板HIP4082.SchDoc with R-SMD from 0.1_电容&电感&电阻&保险丝.SchLib
Replace Part R3 R-SMD in C:\Users\JIERUI\Desktop\2023 Smart Car\Smart-Car\PCB Source project\Altium\智能车驱动板HIP4082\智能车驱动板HIP4082.SchDoc with R-SMD from 0.1_电容&电感&电阻&保险丝.SchLib
Replace Part R4 R-SMD in C:\Users\JIERUI\Desktop\2023 Smart Car\Smart-Car\PCB Source project\Altium\智能车驱动板HIP4082\智能车驱动板HIP4082.SchDoc with R-SMD from 0.1_电容&电感&电阻&保险丝.SchLib
Replace Part R5 R-SMD in C:\Users\JIERUI\Desktop\2023 Smart Car\Smart-Car\PCB Source project\Altium\智能车驱动板HIP4082\智能车驱动板HIP4082.SchDoc with R-SMD from 0.1_电容&电感&电阻&保险丝.SchLib
Replace Part R6 R-SMD in C:\Users\JIERUI\Desktop\2023 Smart Car\Smart-Car\PCB Source project\Altium\智能车驱动板HIP4082\智能车驱动板HIP4082.SchDoc with R-SMD from 0.1_电容&电感&电阻&保险丝.SchLib
Replace Part R7 R-SMD in C:\Users\JIERUI\Desktop\2023 Smart Car\Smart-Car\PCB Source project\Altium\智能车驱动板HIP4082\智能车驱动板HIP4082.SchDoc with R-SMD from 0.1_电容&电感&电阻&保险丝.SchLib
Replace Part R8 R-SMD in C:\Users\JIERUI\Desktop\2023 Smart Car\Smart-Car\PCB Source project\Altium\智能车驱动板HIP4082\智能车驱动板HIP4082.SchDoc with R-SMD from 0.1_电容&电感&电阻&保险丝.SchLib
Replace Part R9 R-SMD in C:\Users\JIERUI\Desktop\2023 Smart Car\Smart-Car\PCB Source project\Altium\智能车驱动板HIP4082\智能车驱动板HIP4082.SchDoc with R-SMD from 0.1_电容&电感&电阻&保险丝.SchLib
Replace Part R10 R-SMD in C:\Users\JIERUI\Desktop\2023 Smart Car\Smart-Car\PCB Source project\Altium\智能车驱动板HIP4082\智能车驱动板HIP4082.SchDoc with R-SMD from 0.1_电容&电感&电阻&保险丝.SchLib
Replace Part R11 R-SMD in C:\Users\JIERUI\Desktop\2023 Smart Car\Smart-Car\PCB Source project\Altium\智能车驱动板HIP4082\智能车驱动板HIP4082.SchDoc with R-SMD from 0.1_电容&电感&电阻&保险丝.SchLib
Replace Part R12 R-SMD in C:\Users\JIERUI\Desktop\2023 Smart Car\Smart-Car\PCB Source project\Altium\智能车驱动板HIP4082\智能车驱动板HIP4082.SchDoc with R-SMD from 0.1_电容&电感&电阻&保险丝.SchLib
Replace Part R13 R-SMD in C:\Users\JIERUI\Desktop\2023 Smart Car\Smart-Car\PCB Source project\Altium\智能车驱动板HIP4082\智能车驱动板HIP4082.SchDoc with R-SMD from 0.1_电容&电感&电阻&保险丝.SchLib
Replace Part R14 R-SMD in C:\Users\JIERUI\Desktop\2023 Smart Car\Smart-Car\PCB Source project\Altium\智能车驱动板HIP4082\智能车驱动板HIP4082.SchDoc with R-SMD from 0.1_电容&电感&电阻&保险丝.SchLib
Replace Part R15 R-SMD in C:\Users\JIERUI\Desktop\2023 Smart Car\Smart-Car\PCB Source project\Altium\智能车驱动板HIP4082\智能车驱动板HIP4082.SchDoc with R-SMD from 0.1_电容&电感&电阻&保险丝.SchLib
Replace Part R16 R-SMD in C:\Users\JIERUI\Desktop\2023 Smart Car\Smart-Car\PCB Source project\Altium\智能车驱动板HIP4082\智能车驱动板HIP4082.SchDoc with R-SMD from 0.1_电容&电感&电阻&保险丝.SchLib
Replace Part R17 R-SMD in C:\Users\JIERUI\Desktop\2023 Smart Car\Smart-Car\PCB Source project\Altium\智能车驱动板HIP4082\智能车驱动板HIP4082.SchDoc with R-SMD from 0.1_电容&电感&电阻&保险丝.SchLib
Replace Part R18 R-SMD in C:\Users\JIERUI\Desktop\2023 Smart Car\Smart-Car\PCB Source project\Altium\智能车驱动板HIP4082\智能车驱动板HIP4082.SchDoc with R-SMD from 0.1_电容&电感&电阻&保险丝.SchLib
Replace Part S1 SSW-1P in C:\Users\JIERUI\Desktop\2023 Smart Car\Smart-Car\PCB Source project\Altium\智能车驱动板HIP4082\智能车驱动板HIP4082.SchDoc with SSW-1P from 0.8_按键&开关.SchLib
Replace Part U1 HIP4082IBZT in C:\Users\JIERUI\Desktop\2023 Smart Car\Smart-Car\PCB Source project\Altium\智能车驱动板HIP4082\智能车驱动板HIP4082.SchDoc with HIP4082IBZT from 1.3_电机驱动芯片.SchLib
Replace Part U2 HIP4082IBZT in C:\Users\JIERUI\Desktop\2023 Smart Car\Smart-Car\PCB Source project\Altium\智能车驱动板HIP4082\智能车驱动板HIP4082.SchDoc with HIP4082IBZT from 1.3_电机驱动芯片.SchLib
Replace Part U3 SN74HC125PWR in C:\Users\JIERUI\Desktop\2023 Smart Car\Smart-Car\PCB Source project\Altium\智能车驱动板HIP4082\智能车驱动板HIP4082.SchDoc with SN74HC125PWR from 1.7_隔离类芯片.SchLib
Replace Part XH1 XH2.54-6P in C:\Users\JIERUI\Desktop\2023 Smart Car\Smart-Car\PCB Source project\Altium\智能车驱动板HIP4082\智能车驱动板HIP4082.SchDoc with XH2.54-6P from 5.2_XH.SchLib
