Replace Part C1 C-SMD in C:\Users\JIERUI\Desktop\2023 Smart Car\Smart-Car\PCB设计文件\Altium\智能车驱动板DRV8701E\智能车驱动板DRV8701E原理图Sheet.SchDoc with C-SMD from 0.1_电容&电感&电阻&保险丝.SchLib
Replace Part C2 C-SMD in C:\Users\JIERUI\Desktop\2023 Smart Car\Smart-Car\PCB设计文件\Altium\智能车驱动板DRV8701E\智能车驱动板DRV8701E原理图Sheet.SchDoc with C-SMD from 0.1_电容&电感&电阻&保险丝.SchLib
Replace Part C3 C-SMD in C:\Users\JIERUI\Desktop\2023 Smart Car\Smart-Car\PCB设计文件\Altium\智能车驱动板DRV8701E\智能车驱动板DRV8701E原理图Sheet.SchDoc with C-SMD from 0.1_电容&电感&电阻&保险丝.SchLib
Replace Part C4 C-SMD in C:\Users\JIERUI\Desktop\2023 Smart Car\Smart-Car\PCB设计文件\Altium\智能车驱动板DRV8701E\智能车驱动板DRV8701E原理图Sheet.SchDoc with C-SMD from 0.1_电容&电感&电阻&保险丝.SchLib
Replace Part C5 C-SMD in C:\Users\JIERUI\Desktop\2023 Smart Car\Smart-Car\PCB设计文件\Altium\智能车驱动板DRV8701E\智能车驱动板DRV8701E原理图Sheet.SchDoc with C-SMD from 0.1_电容&电感&电阻&保险丝.SchLib
Replace Part C6 C-SMD in C:\Users\JIERUI\Desktop\2023 Smart Car\Smart-Car\PCB设计文件\Altium\智能车驱动板DRV8701E\智能车驱动板DRV8701E原理图Sheet.SchDoc with C-SMD from 0.1_电容&电感&电阻&保险丝.SchLib
Replace Part C7 C-SMD in C:\Users\JIERUI\Desktop\2023 Smart Car\Smart-Car\PCB设计文件\Altium\智能车驱动板DRV8701E\智能车驱动板DRV8701E原理图Sheet.SchDoc with C-SMD from 0.1_电容&电感&电阻&保险丝.SchLib
Replace Part C8 C-SMD in C:\Users\JIERUI\Desktop\2023 Smart Car\Smart-Car\PCB设计文件\Altium\智能车驱动板DRV8701E\智能车驱动板DRV8701E原理图Sheet.SchDoc with C-SMD from 0.1_电容&电感&电阻&保险丝.SchLib
Replace Part C9 C-SMD in C:\Users\JIERUI\Desktop\2023 Smart Car\Smart-Car\PCB设计文件\Altium\智能车驱动板DRV8701E\智能车驱动板DRV8701E原理图Sheet.SchDoc with C-SMD from 0.1_电容&电感&电阻&保险丝.SchLib
Replace Part C10 C-SMD in C:\Users\JIERUI\Desktop\2023 Smart Car\Smart-Car\PCB设计文件\Altium\智能车驱动板DRV8701E\智能车驱动板DRV8701E原理图Sheet.SchDoc with C-SMD from 0.1_电容&电感&电阻&保险丝.SchLib
Replace Part C11 C-SMD in C:\Users\JIERUI\Desktop\2023 Smart Car\Smart-Car\PCB设计文件\Altium\智能车驱动板DRV8701E\智能车驱动板DRV8701E原理图Sheet.SchDoc with C-SMD from 0.1_电容&电感&电阻&保险丝.SchLib
Replace Part C12 C-SMD in C:\Users\JIERUI\Desktop\2023 Smart Car\Smart-Car\PCB设计文件\Altium\智能车驱动板DRV8701E\智能车驱动板DRV8701E原理图Sheet.SchDoc with C-SMD from 0.1_电容&电感&电阻&保险丝.SchLib
Replace Part D1 Diode Schottky in C:\Users\JIERUI\Desktop\2023 Smart Car\Smart-Car\PCB设计文件\Altium\智能车驱动板DRV8701E\智能车驱动板DRV8701E原理图Sheet.SchDoc with Diode Schottky from 0.2_二极管&整流桥.SchLib
Replace Part D2 LED_SMD in C:\Users\JIERUI\Desktop\2023 Smart Car\Smart-Car\PCB设计文件\Altium\智能车驱动板DRV8701E\智能车驱动板DRV8701E原理图Sheet.SchDoc with LED_SMD from 0.3_LED发光二极管.SchLib
Replace Part D4 Diode Zen in C:\Users\JIERUI\Desktop\2023 Smart Car\Smart-Car\PCB设计文件\Altium\智能车驱动板DRV8701E\智能车驱动板DRV8701E原理图Sheet.SchDoc with Diode Zen from 0.2_二极管&整流桥.SchLib
Replace Part D5 LED_SMD in C:\Users\JIERUI\Desktop\2023 Smart Car\Smart-Car\PCB设计文件\Altium\智能车驱动板DRV8701E\智能车驱动板DRV8701E原理图Sheet.SchDoc with LED_SMD from 0.3_LED发光二极管.SchLib
Replace Part E1 CE_SMD in C:\Users\JIERUI\Desktop\2023 Smart Car\Smart-Car\PCB设计文件\Altium\智能车驱动板DRV8701E\智能车驱动板DRV8701E原理图Sheet.SchDoc with CE_SMD from 0.1_电容&电感&电阻&保险丝.SchLib
Replace Part J1 XT30PW-M in C:\Users\JIERUI\Desktop\2023 Smart Car\Smart-Car\PCB设计文件\Altium\智能车驱动板DRV8701E\智能车驱动板DRV8701E原理图Sheet.SchDoc with XT30PW-M from 5.12_XT30&XT60.SchLib
Replace Part J2 XT30PW-M in C:\Users\JIERUI\Desktop\2023 Smart Car\Smart-Car\PCB设计文件\Altium\智能车驱动板DRV8701E\智能车驱动板DRV8701E原理图Sheet.SchDoc with XT30PW-M from 5.12_XT30&XT60.SchLib
Replace Part Q1 TPH1R403NL in C:\Users\JIERUI\Desktop\2023 Smart Car\Smart-Car\PCB设计文件\Altium\智能车驱动板DRV8701E\智能车驱动板DRV8701E原理图Sheet.SchDoc with TPH1R403NL from 0.4_场效应管&可控硅.SchLib
Replace Part Q2 TPH1R403NL in C:\Users\JIERUI\Desktop\2023 Smart Car\Smart-Car\PCB设计文件\Altium\智能车驱动板DRV8701E\智能车驱动板DRV8701E原理图Sheet.SchDoc with TPH1R403NL from 0.4_场效应管&可控硅.SchLib
Replace Part Q3 TPH1R403NL in C:\Users\JIERUI\Desktop\2023 Smart Car\Smart-Car\PCB设计文件\Altium\智能车驱动板DRV8701E\智能车驱动板DRV8701E原理图Sheet.SchDoc with TPH1R403NL from 0.4_场效应管&可控硅.SchLib
Replace Part Q4 TPH1R403NL in C:\Users\JIERUI\Desktop\2023 Smart Car\Smart-Car\PCB设计文件\Altium\智能车驱动板DRV8701E\智能车驱动板DRV8701E原理图Sheet.SchDoc with TPH1R403NL from 0.4_场效应管&可控硅.SchLib
Replace Part Q5 TPH1R403NL in C:\Users\JIERUI\Desktop\2023 Smart Car\Smart-Car\PCB设计文件\Altium\智能车驱动板DRV8701E\智能车驱动板DRV8701E原理图Sheet.SchDoc with TPH1R403NL from 0.4_场效应管&可控硅.SchLib
Replace Part Q6 TPH1R403NL in C:\Users\JIERUI\Desktop\2023 Smart Car\Smart-Car\PCB设计文件\Altium\智能车驱动板DRV8701E\智能车驱动板DRV8701E原理图Sheet.SchDoc with TPH1R403NL from 0.4_场效应管&可控硅.SchLib
Replace Part Q7 TPH1R403NL in C:\Users\JIERUI\Desktop\2023 Smart Car\Smart-Car\PCB设计文件\Altium\智能车驱动板DRV8701E\智能车驱动板DRV8701E原理图Sheet.SchDoc with TPH1R403NL from 0.4_场效应管&可控硅.SchLib
Replace Part Q8 TPH1R403NL in C:\Users\JIERUI\Desktop\2023 Smart Car\Smart-Car\PCB设计文件\Altium\智能车驱动板DRV8701E\智能车驱动板DRV8701E原理图Sheet.SchDoc with TPH1R403NL from 0.4_场效应管&可控硅.SchLib
Replace Part R1 R-SMD in C:\Users\JIERUI\Desktop\2023 Smart Car\Smart-Car\PCB设计文件\Altium\智能车驱动板DRV8701E\智能车驱动板DRV8701E原理图Sheet.SchDoc with R-SMD from 0.1_电容&电感&电阻&保险丝.SchLib
Replace Part R2 R-SMD in C:\Users\JIERUI\Desktop\2023 Smart Car\Smart-Car\PCB设计文件\Altium\智能车驱动板DRV8701E\智能车驱动板DRV8701E原理图Sheet.SchDoc with R-SMD from 0.1_电容&电感&电阻&保险丝.SchLib
Replace Part R3 R-SMD in C:\Users\JIERUI\Desktop\2023 Smart Car\Smart-Car\PCB设计文件\Altium\智能车驱动板DRV8701E\智能车驱动板DRV8701E原理图Sheet.SchDoc with R-SMD from 0.1_电容&电感&电阻&保险丝.SchLib
Replace Part R4 R-SMD in C:\Users\JIERUI\Desktop\2023 Smart Car\Smart-Car\PCB设计文件\Altium\智能车驱动板DRV8701E\智能车驱动板DRV8701E原理图Sheet.SchDoc with R-SMD from 0.1_电容&电感&电阻&保险丝.SchLib
Replace Part R5 R-SMD in C:\Users\JIERUI\Desktop\2023 Smart Car\Smart-Car\PCB设计文件\Altium\智能车驱动板DRV8701E\智能车驱动板DRV8701E原理图Sheet.SchDoc with R-SMD from 0.1_电容&电感&电阻&保险丝.SchLib
Replace Part R6 R-SMD in C:\Users\JIERUI\Desktop\2023 Smart Car\Smart-Car\PCB设计文件\Altium\智能车驱动板DRV8701E\智能车驱动板DRV8701E原理图Sheet.SchDoc with R-SMD from 0.1_电容&电感&电阻&保险丝.SchLib
Replace Part R7 R-SMD in C:\Users\JIERUI\Desktop\2023 Smart Car\Smart-Car\PCB设计文件\Altium\智能车驱动板DRV8701E\智能车驱动板DRV8701E原理图Sheet.SchDoc with R-SMD from 0.1_电容&电感&电阻&保险丝.SchLib
Replace Part S1 SSW-1P in C:\Users\JIERUI\Desktop\2023 Smart Car\Smart-Car\PCB设计文件\Altium\智能车驱动板DRV8701E\智能车驱动板DRV8701E原理图Sheet.SchDoc with SSW-1P from 0.8_按键&开关.SchLib
Replace Part U1 DRV8701E in C:\Users\JIERUI\Desktop\2023 Smart Car\Smart-Car\PCB设计文件\Altium\智能车驱动板DRV8701E\智能车驱动板DRV8701E原理图Sheet.SchDoc with DRV8701E from 1.3_电机驱动芯片.SchLib
Replace Part U2 SN74HC125PWR in C:\Users\JIERUI\Desktop\2023 Smart Car\Smart-Car\PCB设计文件\Altium\智能车驱动板DRV8701E\智能车驱动板DRV8701E原理图Sheet.SchDoc with SN74HC125PWR from 1.7_隔离类芯片.SchLib
Replace Part U3 DRV8701E in C:\Users\JIERUI\Desktop\2023 Smart Car\Smart-Car\PCB设计文件\Altium\智能车驱动板DRV8701E\智能车驱动板DRV8701E原理图Sheet.SchDoc with DRV8701E from 1.3_电机驱动芯片.SchLib
Replace Part XH1 XH2.54-6P in C:\Users\JIERUI\Desktop\2023 Smart Car\Smart-Car\PCB设计文件\Altium\智能车驱动板DRV8701E\智能车驱动板DRV8701E原理图Sheet.SchDoc with XH2.54-6P from 5.2_XH.SchLib
