Replace Part C1 Cap-Chip_1 in C:\Users\admin\Desktop\智能车驱动板DRV8701E\智能车驱动板DRV8701E原理图Sheet.SchDoc with Cap-Chip_1 from DRV8701E 双驱V1.1 集成封装库.IntLib
Replace Part C2 Cap-Chip_1 in C:\Users\admin\Desktop\智能车驱动板DRV8701E\智能车驱动板DRV8701E原理图Sheet.SchDoc with Cap-Chip_1 from DRV8701E 双驱V1.1 集成封装库.IntLib
Replace Part C3 Cap-Chip_1 in C:\Users\admin\Desktop\智能车驱动板DRV8701E\智能车驱动板DRV8701E原理图Sheet.SchDoc with Cap-Chip_1 from DRV8701E 双驱V1.1 集成封装库.IntLib
Replace Part C4 Cap-Chip_1 in C:\Users\admin\Desktop\智能车驱动板DRV8701E\智能车驱动板DRV8701E原理图Sheet.SchDoc with Cap-Chip_1 from DRV8701E 双驱V1.1 集成封装库.IntLib
Replace Part C5 Cap-Chip_1 in C:\Users\admin\Desktop\智能车驱动板DRV8701E\智能车驱动板DRV8701E原理图Sheet.SchDoc with Cap-Chip_1 from DRV8701E 双驱V1.1 集成封装库.IntLib
Replace Part C6 Cap-Chip_1 in C:\Users\admin\Desktop\智能车驱动板DRV8701E\智能车驱动板DRV8701E原理图Sheet.SchDoc with Cap-Chip_1 from DRV8701E 双驱V1.1 集成封装库.IntLib
Replace Part C7 Cap-Elect in C:\Users\admin\Desktop\智能车驱动板DRV8701E\智能车驱动板DRV8701E原理图Sheet.SchDoc with Cap-Elect from DRV8701E 双驱V1.1 集成封装库.IntLib
Replace Part C8 Cap-Chip_1 in C:\Users\admin\Desktop\智能车驱动板DRV8701E\智能车驱动板DRV8701E原理图Sheet.SchDoc with Cap-Chip_1 from DRV8701E 双驱V1.1 集成封装库.IntLib
Replace Part C9 Cap-Chip_1 in C:\Users\admin\Desktop\智能车驱动板DRV8701E\智能车驱动板DRV8701E原理图Sheet.SchDoc with Cap-Chip_1 from DRV8701E 双驱V1.1 集成封装库.IntLib
Replace Part C10 Cap-Chip_1 in C:\Users\admin\Desktop\智能车驱动板DRV8701E\智能车驱动板DRV8701E原理图Sheet.SchDoc with Cap-Chip_1 from DRV8701E 双驱V1.1 集成封装库.IntLib
Replace Part C11 Cap-Chip_1 in C:\Users\admin\Desktop\智能车驱动板DRV8701E\智能车驱动板DRV8701E原理图Sheet.SchDoc with Cap-Chip_1 from DRV8701E 双驱V1.1 集成封装库.IntLib
Replace Part C12 Cap-Chip_1 in C:\Users\admin\Desktop\智能车驱动板DRV8701E\智能车驱动板DRV8701E原理图Sheet.SchDoc with Cap-Chip_1 from DRV8701E 双驱V1.1 集成封装库.IntLib
Replace Part C13 Cap-Chip_1 in C:\Users\admin\Desktop\智能车驱动板DRV8701E\智能车驱动板DRV8701E原理图Sheet.SchDoc with Cap-Chip_1 from DRV8701E 双驱V1.1 集成封装库.IntLib
Replace Part D1 Diode Zen in C:\Users\admin\Desktop\智能车驱动板DRV8701E\智能车驱动板DRV8701E原理图Sheet.SchDoc with Diode Zen from DRV8701E 双驱V1.1 集成封装库.IntLib
Replace Part D2 Diode Schottky in C:\Users\admin\Desktop\智能车驱动板DRV8701E\智能车驱动板DRV8701E原理图Sheet.SchDoc with Diode Schottky from DRV8701E 双驱V1.1 集成封装库.IntLib
Replace Part D3 Diode Schottky in C:\Users\admin\Desktop\智能车驱动板DRV8701E\智能车驱动板DRV8701E原理图Sheet.SchDoc with Diode Schottky from DRV8701E 双驱V1.1 集成封装库.IntLib
Replace Part LED1 LED Chip Blue in C:\Users\admin\Desktop\智能车驱动板DRV8701E\智能车驱动板DRV8701E原理图Sheet.SchDoc with LED Chip Blue from DRV8701E 双驱V1.1 集成封装库.IntLib
Replace Part LED2 LED Chip Red in C:\Users\admin\Desktop\智能车驱动板DRV8701E\智能车驱动板DRV8701E原理图Sheet.SchDoc with LED Chip Red from DRV8701E 双驱V1.1 集成封装库.IntLib
Replace Part M1 MountHole in C:\Users\admin\Desktop\智能车驱动板DRV8701E\智能车驱动板DRV8701E原理图Sheet.SchDoc with MountHole from DRV8701E 双驱V1.1 集成封装库.IntLib
Replace Part M2 MountHole in C:\Users\admin\Desktop\智能车驱动板DRV8701E\智能车驱动板DRV8701E原理图Sheet.SchDoc with MountHole from DRV8701E 双驱V1.1 集成封装库.IntLib
Replace Part M3 MountHole in C:\Users\admin\Desktop\智能车驱动板DRV8701E\智能车驱动板DRV8701E原理图Sheet.SchDoc with MountHole from DRV8701E 双驱V1.1 集成封装库.IntLib
Replace Part M4 MountHole in C:\Users\admin\Desktop\智能车驱动板DRV8701E\智能车驱动板DRV8701E原理图Sheet.SchDoc with MountHole from DRV8701E 双驱V1.1 集成封装库.IntLib
Replace Part P1 KF/WJ/DG 30x in C:\Users\admin\Desktop\智能车驱动板DRV8701E\智能车驱动板DRV8701E原理图Sheet.SchDoc with KF/WJ/DG 30x from DRV8701E 双驱V1.1 集成封装库.IntLib
Replace Part P2 KF/WJ/DG 30x in C:\Users\admin\Desktop\智能车驱动板DRV8701E\智能车驱动板DRV8701E原理图Sheet.SchDoc with KF/WJ/DG 30x from DRV8701E 双驱V1.1 集成封装库.IntLib
Replace Part P3 Header 3X2 in C:\Users\admin\Desktop\智能车驱动板DRV8701E\智能车驱动板DRV8701E原理图Sheet.SchDoc with Header 3X2 from DRV8701E 双驱V1.1 集成封装库.IntLib
Replace Part P4 KF/WJ/DG 30x in C:\Users\admin\Desktop\智能车驱动板DRV8701E\智能车驱动板DRV8701E原理图Sheet.SchDoc with KF/WJ/DG 30x from DRV8701E 双驱V1.1 集成封装库.IntLib
Replace Part Q1 TPH1R403NL in C:\Users\admin\Desktop\智能车驱动板DRV8701E\智能车驱动板DRV8701E原理图Sheet.SchDoc with TPH1R403NL from DRV8701E 双驱V1.1 集成封装库.IntLib
Replace Part Q2 TPH1R403NL in C:\Users\admin\Desktop\智能车驱动板DRV8701E\智能车驱动板DRV8701E原理图Sheet.SchDoc with TPH1R403NL from DRV8701E 双驱V1.1 集成封装库.IntLib
Replace Part Q3 TPH1R403NL in C:\Users\admin\Desktop\智能车驱动板DRV8701E\智能车驱动板DRV8701E原理图Sheet.SchDoc with TPH1R403NL from DRV8701E 双驱V1.1 集成封装库.IntLib
Replace Part Q4 TPH1R403NL in C:\Users\admin\Desktop\智能车驱动板DRV8701E\智能车驱动板DRV8701E原理图Sheet.SchDoc with TPH1R403NL from DRV8701E 双驱V1.1 集成封装库.IntLib
Replace Part Q5 TPH1R403NL in C:\Users\admin\Desktop\智能车驱动板DRV8701E\智能车驱动板DRV8701E原理图Sheet.SchDoc with TPH1R403NL from DRV8701E 双驱V1.1 集成封装库.IntLib
Replace Part Q6 TPH1R403NL in C:\Users\admin\Desktop\智能车驱动板DRV8701E\智能车驱动板DRV8701E原理图Sheet.SchDoc with TPH1R403NL from DRV8701E 双驱V1.1 集成封装库.IntLib
Replace Part Q7 TPH1R403NL in C:\Users\admin\Desktop\智能车驱动板DRV8701E\智能车驱动板DRV8701E原理图Sheet.SchDoc with TPH1R403NL from DRV8701E 双驱V1.1 集成封装库.IntLib
Replace Part Q8 TPH1R403NL in C:\Users\admin\Desktop\智能车驱动板DRV8701E\智能车驱动板DRV8701E原理图Sheet.SchDoc with TPH1R403NL from DRV8701E 双驱V1.1 集成封装库.IntLib
Replace Part R1 Res-Chip in C:\Users\admin\Desktop\智能车驱动板DRV8701E\智能车驱动板DRV8701E原理图Sheet.SchDoc with Res-Chip from DRV8701E 双驱V1.1 集成封装库.IntLib
Replace Part R2 Res-Chip_1 in C:\Users\admin\Desktop\智能车驱动板DRV8701E\智能车驱动板DRV8701E原理图Sheet.SchDoc with Res-Chip_1 from DRV8701E 双驱V1.1 集成封装库.IntLib
Replace Part R3 Res-Chip_1 in C:\Users\admin\Desktop\智能车驱动板DRV8701E\智能车驱动板DRV8701E原理图Sheet.SchDoc with Res-Chip_1 from DRV8701E 双驱V1.1 集成封装库.IntLib
Replace Part R4 Res-Chip_1 in C:\Users\admin\Desktop\智能车驱动板DRV8701E\智能车驱动板DRV8701E原理图Sheet.SchDoc with Res-Chip_1 from DRV8701E 双驱V1.1 集成封装库.IntLib
Replace Part R5 Res-Chip_1 in C:\Users\admin\Desktop\智能车驱动板DRV8701E\智能车驱动板DRV8701E原理图Sheet.SchDoc with Res-Chip_1 from DRV8701E 双驱V1.1 集成封装库.IntLib
Replace Part R6 Res-Chip_3 in C:\Users\admin\Desktop\智能车驱动板DRV8701E\智能车驱动板DRV8701E原理图Sheet.SchDoc with Res-Chip_3 from DRV8701E 双驱V1.1 集成封装库.IntLib
Replace Part R7 Res-Chip_2 in C:\Users\admin\Desktop\智能车驱动板DRV8701E\智能车驱动板DRV8701E原理图Sheet.SchDoc with Res-Chip_2 from DRV8701E 双驱V1.1 集成封装库.IntLib
Replace Part S1 SW-SPDT in C:\Users\admin\Desktop\智能车驱动板DRV8701E\智能车驱动板DRV8701E原理图Sheet.SchDoc with SW-SPDT from DRV8701E 双驱V1.1 集成封装库.IntLib
Replace Part U1 DRV8701E in C:\Users\admin\Desktop\智能车驱动板DRV8701E\智能车驱动板DRV8701E原理图Sheet.SchDoc with DRV8701E from DRV8701E 双驱V1.1 集成封装库.IntLib
Replace Part U2 SN74HC125PWR in C:\Users\admin\Desktop\智能车驱动板DRV8701E\智能车驱动板DRV8701E原理图Sheet.SchDoc with SN74HC125PWR from DRV8701E 双驱V1.1 集成封装库.IntLib
Replace Part U3 DRV8701E in C:\Users\admin\Desktop\智能车驱动板DRV8701E\智能车驱动板DRV8701E原理图Sheet.SchDoc with DRV8701E from DRV8701E 双驱V1.1 集成封装库.IntLib
