Change Component Comment : Designator=C2 Old Comment=1uF ¡À10% 50V New Comment=100nF ¡À10% 50V
Change Component Comment : Designator=C5 Old Comment=1uF ¡À10% 50V New Comment=100nF ¡À10% 50V
Change Component Comment : Designator=C6 Old Comment=1uF ¡À10% 50V New Comment=100nF ¡À10% 50V
Change Component Comment : Designator=C9 Old Comment=1uF ¡À10% 50V New Comment=100nF ¡À10% 50V
Change Component Comment : Designator=C12 Old Comment=1uF ¡À10% 50V New Comment=100nF ¡À10% 50V
Change Component Comment : Designator=C13 Old Comment=1uF ¡À10% 50V New Comment=100nF ¡À10% 50V
Change Component Comment : Designator=C3 Old Comment=10uF ¡À10% 50V New Comment=100nF ¡À10% 50V
Change Component Comment : Designator=C10 Old Comment=10uF ¡À10% 50V New Comment=100nF ¡À10% 50V
Change Component Comment : Designator=C1 Old Comment=100uF ¡À10% 50V New Comment=100nF ¡À10% 50V
Change Component Comment : Designator=C8 Old Comment=100uF ¡À10% 50V New Comment=100nF ¡À10% 50V
Change Component Designator: OldDesignator=U? NewDesignator=U3
Change component parameters: Designator = "C1" ("C1"); Footprint = "CAPC1608[0603]S-N"; UniqueID = "\PUDTBZQO" ("\PUDTBZQO")
Change component parameters (AddParameter): Name = "blank"; Value = ""; VariantName = "[No Variations]"
Change component parameters (AddParameter): Name = "Price(RMB)"; Value = "0.000"; VariantName = "[No Variations]"
Change component parameters (AddParameter): Name = "Published"; Value = "8-Jun-2000"; VariantName = "[No Variations]"
Change component parameters (AddParameter): Name = "Publisher"; Value = "Altium Limited"; VariantName = "[No Variations]"
Change component parameters (AddParameter): Name = "Revision"; Value = "July-2002: Re-released for DXP Platform."; VariantName = "[No Variations]"
Change component parameters (AddParameter): Name = "Tolerance"; Value = "¡À10%"; VariantName = "[No Variations]"
Change component parameters (AddParameter): Name = "Value"; Value = "100nF"; VariantName = "[No Variations]"
Change component parameters (AddParameter): Name = "Voltage"; Value = "50V"; VariantName = "[No Variations]"
Change component parameters: Designator = "C2" ("C2"); Footprint = "CAPC1608[0603]S-N"; UniqueID = "\JGDMSRDD" ("\JGDMSRDD")
Change component parameters (AddParameter): Name = "blank"; Value = ""; VariantName = "[No Variations]"
Change component parameters (AddParameter): Name = "Price(RMB)"; Value = "0.000"; VariantName = "[No Variations]"
Change component parameters (AddParameter): Name = "Published"; Value = "8-Jun-2000"; VariantName = "[No Variations]"
Change component parameters (AddParameter): Name = "Publisher"; Value = "Altium Limited"; VariantName = "[No Variations]"
Change component parameters (AddParameter): Name = "Revision"; Value = "July-2002: Re-released for DXP Platform."; VariantName = "[No Variations]"
Change component parameters (AddParameter): Name = "Tolerance"; Value = "¡À10%"; VariantName = "[No Variations]"
Change component parameters (AddParameter): Name = "Value"; Value = "100nF"; VariantName = "[No Variations]"
Change component parameters (AddParameter): Name = "Voltage"; Value = "50V"; VariantName = "[No Variations]"
Change component parameters: Designator = "C3" ("C3"); Footprint = "CAPC1608[0603]S-N"; UniqueID = "\PTOQUJCU" ("\PTOQUJCU")
Change component parameters (AddParameter): Name = "blank"; Value = ""; VariantName = "[No Variations]"
Change component parameters (AddParameter): Name = "Price(RMB)"; Value = "0.000"; VariantName = "[No Variations]"
Change component parameters (AddParameter): Name = "Published"; Value = "8-Jun-2000"; VariantName = "[No Variations]"
Change component parameters (AddParameter): Name = "Publisher"; Value = "Altium Limited"; VariantName = "[No Variations]"
Change component parameters (AddParameter): Name = "Revision"; Value = "July-2002: Re-released for DXP Platform."; VariantName = "[No Variations]"
Change component parameters (AddParameter): Name = "Tolerance"; Value = "¡À10%"; VariantName = "[No Variations]"
Change component parameters (AddParameter): Name = "Value"; Value = "100nF"; VariantName = "[No Variations]"
Change component parameters (AddParameter): Name = "Voltage"; Value = "50V"; VariantName = "[No Variations]"
Change component parameters: Designator = "C5" ("C5"); Footprint = "CAPC1608[0603]S-N"; UniqueID = "\LKQRNWZF" ("\LKQRNWZF")
Change component parameters (AddParameter): Name = "blank"; Value = ""; VariantName = "[No Variations]"
Change component parameters (AddParameter): Name = "Price(RMB)"; Value = "0.000"; VariantName = "[No Variations]"
Change component parameters (AddParameter): Name = "Published"; Value = "8-Jun-2000"; VariantName = "[No Variations]"
Change component parameters (AddParameter): Name = "Publisher"; Value = "Altium Limited"; VariantName = "[No Variations]"
Change component parameters (AddParameter): Name = "Revision"; Value = "July-2002: Re-released for DXP Platform."; VariantName = "[No Variations]"
Change component parameters (AddParameter): Name = "Tolerance"; Value = "¡À10%"; VariantName = "[No Variations]"
Change component parameters (AddParameter): Name = "Value"; Value = "100nF"; VariantName = "[No Variations]"
Change component parameters (AddParameter): Name = "Voltage"; Value = "50V"; VariantName = "[No Variations]"
Change component parameters: Designator = "C6" ("C6"); Footprint = "CAPC1608[0603]S-N"; UniqueID = "\PVUUSEBF" ("\PVUUSEBF")
Change component parameters (AddParameter): Name = "blank"; Value = ""; VariantName = "[No Variations]"
Change component parameters (AddParameter): Name = "Price(RMB)"; Value = "0.000"; VariantName = "[No Variations]"
Change component parameters (AddParameter): Name = "Published"; Value = "8-Jun-2000"; VariantName = "[No Variations]"
Change component parameters (AddParameter): Name = "Publisher"; Value = "Altium Limited"; VariantName = "[No Variations]"
Change component parameters (AddParameter): Name = "Revision"; Value = "July-2002: Re-released for DXP Platform."; VariantName = "[No Variations]"
Change component parameters (AddParameter): Name = "Tolerance"; Value = "¡À10%"; VariantName = "[No Variations]"
Change component parameters (AddParameter): Name = "Value"; Value = "100nF"; VariantName = "[No Variations]"
Change component parameters (AddParameter): Name = "Voltage"; Value = "50V"; VariantName = "[No Variations]"
Change component parameters: Designator = "C8" ("C8"); Footprint = "CAPC1608[0603]S-N"; UniqueID = "\JRQOZCEN" ("\JRQOZCEN")
Change component parameters (AddParameter): Name = "blank"; Value = ""; VariantName = "[No Variations]"
Change component parameters (AddParameter): Name = "Price(RMB)"; Value = "0.000"; VariantName = "[No Variations]"
Change component parameters (AddParameter): Name = "Published"; Value = "8-Jun-2000"; VariantName = "[No Variations]"
Change component parameters (AddParameter): Name = "Publisher"; Value = "Altium Limited"; VariantName = "[No Variations]"
Change component parameters (AddParameter): Name = "Revision"; Value = "July-2002: Re-released for DXP Platform."; VariantName = "[No Variations]"
Change component parameters (AddParameter): Name = "Tolerance"; Value = "¡À10%"; VariantName = "[No Variations]"
Change component parameters (AddParameter): Name = "Value"; Value = "100nF"; VariantName = "[No Variations]"
Change component parameters (AddParameter): Name = "Voltage"; Value = "50V"; VariantName = "[No Variations]"
Change component parameters: Designator = "C9" ("C9"); Footprint = "CAPC1608[0603]S-N"; UniqueID = "\FFRQXWNP" ("\FFRQXWNP")
Change component parameters (AddParameter): Name = "blank"; Value = ""; VariantName = "[No Variations]"
Change component parameters (AddParameter): Name = "Price(RMB)"; Value = "0.000"; VariantName = "[No Variations]"
Change component parameters (AddParameter): Name = "Published"; Value = "8-Jun-2000"; VariantName = "[No Variations]"
Change component parameters (AddParameter): Name = "Publisher"; Value = "Altium Limited"; VariantName = "[No Variations]"
Change component parameters (AddParameter): Name = "Revision"; Value = "July-2002: Re-released for DXP Platform."; VariantName = "[No Variations]"
Change component parameters (AddParameter): Name = "Tolerance"; Value = "¡À10%"; VariantName = "[No Variations]"
Change component parameters (AddParameter): Name = "Value"; Value = "100nF"; VariantName = "[No Variations]"
Change component parameters (AddParameter): Name = "Voltage"; Value = "50V"; VariantName = "[No Variations]"
Change component parameters: Designator = "C10" ("C10"); Footprint = "CAPC1608[0603]S-N"; UniqueID = "\LHLOFKBK" ("\LHLOFKBK")
Change component parameters (AddParameter): Name = "blank"; Value = ""; VariantName = "[No Variations]"
Change component parameters (AddParameter): Name = "Price(RMB)"; Value = "0.000"; VariantName = "[No Variations]"
Change component parameters (AddParameter): Name = "Published"; Value = "8-Jun-2000"; VariantName = "[No Variations]"
Change component parameters (AddParameter): Name = "Publisher"; Value = "Altium Limited"; VariantName = "[No Variations]"
Change component parameters (AddParameter): Name = "Revision"; Value = "July-2002: Re-released for DXP Platform."; VariantName = "[No Variations]"
Change component parameters (AddParameter): Name = "Tolerance"; Value = "¡À10%"; VariantName = "[No Variations]"
Change component parameters (AddParameter): Name = "Value"; Value = "100nF"; VariantName = "[No Variations]"
Change component parameters (AddParameter): Name = "Voltage"; Value = "50V"; VariantName = "[No Variations]"
Change component parameters: Designator = "C12" ("C12"); Footprint = "CAPC1608[0603]S-N"; UniqueID = "\LWIBRHPN" ("\LWIBRHPN")
Change component parameters (AddParameter): Name = "blank"; Value = ""; VariantName = "[No Variations]"
Change component parameters (AddParameter): Name = "Price(RMB)"; Value = "0.000"; VariantName = "[No Variations]"
Change component parameters (AddParameter): Name = "Published"; Value = "8-Jun-2000"; VariantName = "[No Variations]"
Change component parameters (AddParameter): Name = "Publisher"; Value = "Altium Limited"; VariantName = "[No Variations]"
Change component parameters (AddParameter): Name = "Revision"; Value = "July-2002: Re-released for DXP Platform."; VariantName = "[No Variations]"
Change component parameters (AddParameter): Name = "Tolerance"; Value = "¡À10%"; VariantName = "[No Variations]"
Change component parameters (AddParameter): Name = "Value"; Value = "100nF"; VariantName = "[No Variations]"
Change component parameters (AddParameter): Name = "Voltage"; Value = "50V"; VariantName = "[No Variations]"
Change component parameters: Designator = "C13" ("C13"); Footprint = "CAPC1608[0603]S-N"; UniqueID = "\HTLXJVDY" ("\HTLXJVDY")
Change component parameters (AddParameter): Name = "blank"; Value = ""; VariantName = "[No Variations]"
Change component parameters (AddParameter): Name = "Price(RMB)"; Value = "0.000"; VariantName = "[No Variations]"
Change component parameters (AddParameter): Name = "Published"; Value = "8-Jun-2000"; VariantName = "[No Variations]"
Change component parameters (AddParameter): Name = "Publisher"; Value = "Altium Limited"; VariantName = "[No Variations]"
Change component parameters (AddParameter): Name = "Revision"; Value = "July-2002: Re-released for DXP Platform."; VariantName = "[No Variations]"
Change component parameters (AddParameter): Name = "Tolerance"; Value = "¡À10%"; VariantName = "[No Variations]"
Change component parameters (AddParameter): Name = "Value"; Value = "100nF"; VariantName = "[No Variations]"
Change component parameters (AddParameter): Name = "Voltage"; Value = "50V"; VariantName = "[No Variations]"
