Removed Pin From Net: NetName=VM Pin=C7-1
Removed Pin From Net: NetName=GND Pin=C7-2
Removed Pin From Net: NetName=GND Pin=C11-2
Removed Pin From Net: NetName=NetC12_2 Pin=C12-2
Removed Pin From Net: NetName=GND Pin=C13-1
Removed Pin From Net: NetName=GND Pin=D1-A
Removed Pin From Net: NetName=3V3 Pin=D1-K
Removed Pin From Net: NetName=NetC2_2 Pin=D2-A
Removed Pin From Net: NetName=VM Pin=D2-K
Removed Pin From Net: NetName=VM Pin=D3-K
Removed Pin From Net: NetName=GND Pin=LED1-C
Removed Pin From Net: NetName=GND Pin=LED2-C
Removed Pin From Net: NetName=L  A Pin=M-1-1
Removed Pin From Net: NetName=L  B Pin=M-1-2
Removed Pin From Net: NetName=R  A Pin=M-2-1
Removed Pin From Net: NetName=R  B Pin=M-2-2
Removed Pin From Net: NetName=GND Pin=P2-1
Removed Pin From Net: NetName=VM Pin=P2-2
Removed Pin From Net: NetName=L_PH_IN Pin=PH-1
Removed Pin From Net: NetName=R_PH_IN Pin=PH-2
Removed Pin From Net: NetName=GND Pin=PH-3
Removed Pin From Net: NetName=GND Pin=PH-4
Removed Pin From Net: NetName=L_EN_IN Pin=PH-5
Removed Pin From Net: NetName=R_EN_IN Pin=PH-6
Removed Pin From Net: NetName=L  A Pin=Q1-3
Removed Pin From Net: NetName=L  A Pin=Q1-3
Removed Pin From Net: NetName=L  A Pin=Q1-3
Removed Pin From Net: NetName=L  B Pin=Q2-3
Removed Pin From Net: NetName=L  B Pin=Q2-3
Removed Pin From Net: NetName=L  B Pin=Q2-3
Removed Pin From Net: NetName=L  A Pin=Q3-1
Removed Pin From Net: NetName=L  A Pin=Q3-1
Removed Pin From Net: NetName=L  A Pin=Q3-1
Removed Pin From Net: NetName=L  A Pin=Q3-1
Removed Pin From Net: NetName=L  A Pin=Q3-1
Removed Pin From Net: NetName=L  A Pin=Q3-1
Removed Pin From Net: NetName=L  B Pin=Q4-1
Removed Pin From Net: NetName=L  B Pin=Q4-1
Removed Pin From Net: NetName=L  B Pin=Q4-1
Removed Pin From Net: NetName=L  B Pin=Q4-1
Removed Pin From Net: NetName=L  B Pin=Q4-1
Removed Pin From Net: NetName=L  B Pin=Q4-1
Removed Pin From Net: NetName=R  A Pin=Q5-3
Removed Pin From Net: NetName=R  A Pin=Q5-3
Removed Pin From Net: NetName=R  A Pin=Q5-3
Removed Pin From Net: NetName=R  B Pin=Q6-3
Removed Pin From Net: NetName=R  B Pin=Q6-3
Removed Pin From Net: NetName=R  B Pin=Q6-3
Removed Pin From Net: NetName=R  A Pin=Q7-1
Removed Pin From Net: NetName=R  A Pin=Q7-1
Removed Pin From Net: NetName=R  A Pin=Q7-1
Removed Pin From Net: NetName=R  A Pin=Q7-1
Removed Pin From Net: NetName=R  A Pin=Q7-1
Removed Pin From Net: NetName=R  A Pin=Q7-1
Removed Pin From Net: NetName=R  B Pin=Q8-1
Removed Pin From Net: NetName=R  B Pin=Q8-1
Removed Pin From Net: NetName=R  B Pin=Q8-1
Removed Pin From Net: NetName=R  B Pin=Q8-1
Removed Pin From Net: NetName=R  B Pin=Q8-1
Removed Pin From Net: NetName=R  B Pin=Q8-1
Removed Pin From Net: NetName=VM Pin=R1-1
Removed Pin From Net: NetName=3V3 Pin=R1-2
Removed Pin From Net: NetName=L_PH_IN Pin=R2-1
Removed Pin From Net: NetName=GND Pin=R2-2
Removed Pin From Net: NetName=GND Pin=R3-1
Removed Pin From Net: NetName=R_PH_IN Pin=R3-2
Removed Pin From Net: NetName=L_EN_IN Pin=R4-1
Removed Pin From Net: NetName=R_EN_IN Pin=R5-2
Removed Pin From Net: NetName=nSLEEP Pin=R6-1
Removed Pin From Net: NetName=3V3 Pin=R7-2
Removed Pin From Net: NetName=3V3 Pin=S1-3
Removed Pin From Net: NetName=NetQ2_2 Pin=U1-17
Removed Pin From Net: NetName=NetQ4_2 Pin=U1-19
Removed Pin From Net: NetName=NetQ3_2 Pin=U1-22
Removed Pin From Net: NetName=NetQ1_2 Pin=U1-24
Removed Pin From Net: NetName=NetC8_2 Pin=U3-3
Removed Pin From Net: NetName=NetC8_1 Pin=U3-4
Removed Pin From Net: NetName=NetQ6_2 Pin=U3-17
Removed Pin From Net: NetName=NetQ8_2 Pin=U3-19
Removed Pin From Net: NetName=NetQ7_2 Pin=U3-22
Removed Pin From Net: NetName=NetQ5_2 Pin=U3-24
Removed Member From Class: ClassName=智能车驱动板DRV8701E原理图Sheet Member=C13
Removed Member From Class: ClassName=智能车驱动板DRV8701E原理图Sheet Member=LED1
Removed Member From Class: ClassName=智能车驱动板DRV8701E原理图Sheet Member=LED2
Removed Member From Class: ClassName=智能车驱动板DRV8701E原理图Sheet Member=M1
Removed Member From Class: ClassName=智能车驱动板DRV8701E原理图Sheet Member=M2
Removed Member From Class: ClassName=智能车驱动板DRV8701E原理图Sheet Member=M3
Removed Member From Class: ClassName=智能车驱动板DRV8701E原理图Sheet Member=M4
Removed Member From Class: ClassName=智能车驱动板DRV8701E原理图Sheet Member=M-1
Removed Member From Class: ClassName=智能车驱动板DRV8701E原理图Sheet Member=M-2
Removed Member From Class: ClassName=智能车驱动板DRV8701E原理图Sheet Member=P2
Change Component Footprint: Designator=C1 Old Footprint=CAPC1608[0603]S-N New Footprint=C0603_L
Change Component Footprint: Designator=C2 Old Footprint=CAPC1608[0603]S-N New Footprint=C0603_L
Change Component Footprint: Designator=C3 Old Footprint=CAPC1608[0603]S-N New Footprint=C0603_L
Change Component Footprint: Designator=C4 Old Footprint=CAPC1608[0603]S-N New Footprint=C0603_L
Change Component Footprint: Designator=C5 Old Footprint=CAPC1608[0603]S-N New Footprint=C0603_L
Change Component Footprint: Designator=C6 Old Footprint=CAPC1608[0603]S-N New Footprint=C0603_L
Change Component Footprint: Designator=C8 Old Footprint=CAPC1608[0603]S-N New Footprint=C0603_L
Change Component Footprint: Designator=C9 Old Footprint=CAPC1608[0603]S-N New Footprint=C0603_L
Change Component Footprint: Designator=C10 Old Footprint=CAPC1608[0603]S-N New Footprint=C0603_L
Change Component Footprint: Designator=C11 Old Footprint=CAPC1608[0603]S-N New Footprint=C0603_L
Change Component Footprint: Designator=C12 Old Footprint=CAPC1608[0603]S-N New Footprint=C0603_L
Change Component Footprint: Designator=C7 Old Footprint=CAPPR3.5-8X11.5 New Footprint=C0603_L
Change Footprint: Cannot match pads with new footprint in component :U1 Footprint:QFN24-4*4_M
Change Footprint: Cannot match pads with new footprint in component :U3 Footprint:QFN24-4*4_M
Change Component Footprint: Designator=R1 Old Footprint=RESC1608[0603]S-N New Footprint=R0603_L
Change Component Footprint: Designator=R2 Old Footprint=RESC1608[0603]S-N New Footprint=R0603_L
Change Component Footprint: Designator=R3 Old Footprint=RESC1608[0603]S-N New Footprint=R0603_L
Change Component Footprint: Designator=R4 Old Footprint=RESC1608[0603]S-N New Footprint=R0603_L
Change Component Footprint: Designator=R5 Old Footprint=RESC1608[0603]S-N New Footprint=R0603_L
Change Component Footprint: Designator=R6 Old Footprint=RESC1608[0603]S-N New Footprint=R0603_L
Change Component Footprint: Designator=R7 Old Footprint=RESC1608[0603]S-N New Footprint=R0603_L
Change Component Footprint: Designator=D2 Old Footprint=SOD-123-L New Footprint=LED-0603_R
Change Component Footprint: Designator=D1 Old Footprint=SOD-123-L New Footprint=SOD-323
Change Component Footprint: Designator=D3 Old Footprint=SOD-123-L New Footprint=SOD-323
Change Component Footprint: Designator=S1 Old Footprint=SS12D10 New Footprint=SS-12D10
Change Component Footprint: Designator=U2 Old Footprint=TSSOP-14 New Footprint=TSSOP14
Change Component Comment : Designator=R7 Old Comment=1K ±1% New Comment=1K
Change Component Comment : Designator=D3 Old Comment=1N5819 New Comment=B5919WS
Change Component Comment : Designator=D2 Old Comment=1N5819 New Comment=LED
Change Component Comment : Designator=R1 Old Comment=2.2K ±1% New Comment=1K
Change Component Comment : Designator=R2 Old Comment=10K ±1% New Comment=1K
Change Component Comment : Designator=R3 Old Comment=10K ±1% New Comment=1K
Change Component Comment : Designator=R4 Old Comment=10K ±1% New Comment=1K
Change Component Comment : Designator=R5 Old Comment=10K ±1% New Comment=1K
Change Component Comment : Designator=C1 Old Comment=100nF ±10% 50V New Comment=100nF
Change Component Comment : Designator=C2 Old Comment=100nF ±10% 50V New Comment=100nF
Change Component Comment : Designator=C3 Old Comment=100nF ±10% 50V New Comment=100nF
Change Component Comment : Designator=C4 Old Comment=100nF ±10% 50V New Comment=100nF
Change Component Comment : Designator=C5 Old Comment=100nF ±10% 50V New Comment=100nF
Change Component Comment : Designator=C6 Old Comment=100nF ±10% 50V New Comment=100nF
Change Component Comment : Designator=C8 Old Comment=100nF ±10% 50V New Comment=100nF
Change Component Comment : Designator=C9 Old Comment=100nF ±10% 50V New Comment=100nF
Change Component Comment : Designator=C10 Old Comment=100nF ±10% 50V New Comment=100nF
Change Component Comment : Designator=C11 Old Comment=100nF ±10% 50V New Comment=100nF
Change Component Comment : Designator=C12 Old Comment=100nF ±10% 50V New Comment=100nF
Change Component Comment : Designator=C7 Old Comment=220uF 25V New Comment=100nF
Change Component Comment : Designator=R6 Old Comment=330R ±1% New Comment=1K
Change Component Comment : Designator=D1 Old Comment=BZT52C3V3 New Comment=B5919WS
Change Component Comment : Designator=S1 Old Comment=SW-SPDT New Comment=SS-12F23
Change component parameters: Designator = "C1" ("C1"); Footprint = "CAPC1608[0603]S-N"; UniqueID = "\CXVDUEOL" ("\CXVDUEOL")
Change component parameters (AddParameter): Name = "BOM名称"; Value = "无极性贴片电容"; VariantName = "[No Variations]"
Change component parameters: Designator = "C2" ("C2"); Footprint = "CAPC1608[0603]S-N"; UniqueID = "\JPCIUGGD" ("\JPCIUGGD")
Change component parameters (AddParameter): Name = "BOM名称"; Value = "无极性贴片电容"; VariantName = "[No Variations]"
Change component parameters: Designator = "C3" ("C3"); Footprint = "CAPC1608[0603]S-N"; UniqueID = "\FKKWQOFJ" ("\FKKWQOFJ")
Change component parameters (AddParameter): Name = "BOM名称"; Value = "无极性贴片电容"; VariantName = "[No Variations]"
Change component parameters: Designator = "C4" ("C4"); Footprint = "CAPC1608[0603]S-N"; UniqueID = "\ZXDWEMOD" ("\ZXDWEMOD")
Change component parameters (AddParameter): Name = "BOM名称"; Value = "无极性贴片电容"; VariantName = "[No Variations]"
Change component parameters: Designator = "C5" ("C5"); Footprint = "CAPC1608[0603]S-N"; UniqueID = "\ONFHWBLT" ("\ONFHWBLT")
Change component parameters (AddParameter): Name = "BOM名称"; Value = "无极性贴片电容"; VariantName = "[No Variations]"
Change component parameters: Designator = "C6" ("C6"); Footprint = "CAPC1608[0603]S-N"; UniqueID = "\VVNXGSBM" ("\VVNXGSBM")
Change component parameters (AddParameter): Name = "BOM名称"; Value = "无极性贴片电容"; VariantName = "[No Variations]"
Change component parameters: Designator = "C7" ("C7"); Footprint = "CAPPR3.5-8X11.5"; UniqueID = "\TKWVAJCH" ("\TKWVAJCH")
Change component parameters (AddParameter): Name = "BOM名称"; Value = "无极性贴片电容"; VariantName = "[No Variations]"
Change component parameters: Designator = "C8" ("C8"); Footprint = "CAPC1608[0603]S-N"; UniqueID = "\NRRIOEMN" ("\NRRIOEMN")
Change component parameters (AddParameter): Name = "BOM名称"; Value = "无极性贴片电容"; VariantName = "[No Variations]"
Change component parameters: Designator = "C9" ("C9"); Footprint = "CAPC1608[0603]S-N"; UniqueID = "\YYGQLPTC" ("\YYGQLPTC")
Change component parameters (AddParameter): Name = "BOM名称"; Value = "无极性贴片电容"; VariantName = "[No Variations]"
Change component parameters: Designator = "C10" ("C10"); Footprint = "CAPC1608[0603]S-N"; UniqueID = "\QZNTADVW" ("\QZNTADVW")
Change component parameters (AddParameter): Name = "BOM名称"; Value = "无极性贴片电容"; VariantName = "[No Variations]"
Change component parameters: Designator = "C11" ("C11"); Footprint = "CAPC1608[0603]S-N"; UniqueID = "\ITEVOAZL" ("\ITEVOAZL")
Change component parameters (AddParameter): Name = "BOM名称"; Value = "无极性贴片电容"; VariantName = "[No Variations]"
Change component parameters: Designator = "C12" ("C12"); Footprint = "CAPC1608[0603]S-N"; UniqueID = "\WPEDVPET" ("\WPEDVPET")
Change component parameters (AddParameter): Name = "BOM名称"; Value = "无极性贴片电容"; VariantName = "[No Variations]"
Change component parameters: Designator = "D1" ("D1"); Footprint = "SOD-123-L"; UniqueID = "\CNANNWIP" ("\CNANNWIP")
Change component parameters (AddParameter): Name = "BOM名称"; Value = "肖特基二极管"; VariantName = "[No Variations]"
Change component parameters: Designator = "D2" ("D2"); Footprint = "SOD-123-L"; UniqueID = "\WGZRNIOB" ("\WGZRNIOB")
Change component parameters: Designator = "D3" ("D3"); Footprint = "SOD-123-L"; UniqueID = "\DQZOPDRG" ("\DQZOPDRG")
Change component parameters (AddParameter): Name = "BOM名称"; Value = "肖特基二极管"; VariantName = "[No Variations]"
Change component parameters: Designator = "R1" ("R1"); Footprint = "RESC1608[0603]S-N"; UniqueID = "\CJPUXEIY" ("\CJPUXEIY")
Change component parameters (AddParameter): Name = "BOM名称"; Value = "贴片电阻"; VariantName = "[No Variations]"
Change component parameters: Designator = "R2" ("R2"); Footprint = "RESC1608[0603]S-N"; UniqueID = "\EIVYAANN" ("\EIVYAANN")
Change component parameters (AddParameter): Name = "BOM名称"; Value = "贴片电阻"; VariantName = "[No Variations]"
Change component parameters: Designator = "R3" ("R3"); Footprint = "RESC1608[0603]S-N"; UniqueID = "\LEFLJODJ" ("\LEFLJODJ")
Change component parameters (AddParameter): Name = "BOM名称"; Value = "贴片电阻"; VariantName = "[No Variations]"
Change component parameters: Designator = "R4" ("R4"); Footprint = "RESC1608[0603]S-N"; UniqueID = "\MHFYUCVL" ("\MHFYUCVL")
Change component parameters (AddParameter): Name = "BOM名称"; Value = "贴片电阻"; VariantName = "[No Variations]"
Change component parameters: Designator = "R5" ("R5"); Footprint = "RESC1608[0603]S-N"; UniqueID = "\QCTLLCMY" ("\QCTLLCMY")
Change component parameters (AddParameter): Name = "BOM名称"; Value = "贴片电阻"; VariantName = "[No Variations]"
Change component parameters: Designator = "R6" ("R6"); Footprint = "RESC1608[0603]S-N"; UniqueID = "\GDKRTAFK" ("\GDKRTAFK")
Change component parameters (AddParameter): Name = "BOM名称"; Value = "贴片电阻"; VariantName = "[No Variations]"
Change component parameters: Designator = "R7" ("R7"); Footprint = "RESC1608[0603]S-N"; UniqueID = "\YHPUKELS" ("\YHPUKELS")
Change component parameters (AddParameter): Name = "BOM名称"; Value = "贴片电阻"; VariantName = "[No Variations]"
Change component parameters: Designator = "S1" ("S1"); Footprint = "SS12D10"; UniqueID = "\EJKWTCVN" ("\EJKWTCVN")
Change component parameters (AddParameter): Name = "BOM名称"; Value = "波动开关"; VariantName = "[No Variations]"
Add Component: Footprint Not Found SOD-123-L
Added Component: Designator=D5(LED-0603_R)
Added Component: Designator=E1(CE-F(10*10.2))
Add component (AddParameter): Name = "BOM名称"; Value = "贴片电解电容"; VariantName = "[No Variations]"
Added Component: Designator=J1(XT30-WI)
Add component (AddParameter): Name = "Arrow Part Number"; Value = ""; VariantName = "[No Variations]"
Add component (AddParameter): Name = "Arrow Price/Stock"; Value = ""; VariantName = "[No Variations]"
Add component (AddParameter): Name = "Datasheet Link"; Value = "https://www.tme.eu/sl/Document/ce4077e36b79046da520ca73227e15de/XT30PW%20SPEC.pdf"; VariantName = "[No Variations]"
Add component (AddParameter): Name = "Geometry.Height"; Value = "5mm"; VariantName = "[No Variations]"
Add component (AddParameter): Name = "Manufacturer_Name"; Value = "Amass"; VariantName = "[No Variations]"
Add component (AddParameter): Name = "Manufacturer_Part_Number"; Value = "XT30PW-M"; VariantName = "[No Variations]"
Add component (AddParameter): Name = "Mouser Part Number"; Value = ""; VariantName = "[No Variations]"
Add component (AddParameter): Name = "Mouser Price/Stock"; Value = ""; VariantName = "[No Variations]"
Added Component: Designator=J2(XT30-WI)
Add component (AddParameter): Name = "Arrow Part Number"; Value = ""; VariantName = "[No Variations]"
Add component (AddParameter): Name = "Arrow Price/Stock"; Value = ""; VariantName = "[No Variations]"
Add component (AddParameter): Name = "Datasheet Link"; Value = "https://www.tme.eu/sl/Document/ce4077e36b79046da520ca73227e15de/XT30PW%20SPEC.pdf"; VariantName = "[No Variations]"
Add component (AddParameter): Name = "Geometry.Height"; Value = "5mm"; VariantName = "[No Variations]"
Add component (AddParameter): Name = "Manufacturer_Name"; Value = "Amass"; VariantName = "[No Variations]"
Add component (AddParameter): Name = "Manufacturer_Part_Number"; Value = "XT30PW-M"; VariantName = "[No Variations]"
Add component (AddParameter): Name = "Mouser Part Number"; Value = ""; VariantName = "[No Variations]"
Add component (AddParameter): Name = "Mouser Price/Stock"; Value = ""; VariantName = "[No Variations]"
Added Component: Designator=J?(HT3.96-2P-WI)
Add component (AddParameter): Name = "Arrow Part Number"; Value = ""; VariantName = "[No Variations]"
Add component (AddParameter): Name = "Arrow Price/Stock"; Value = ""; VariantName = "[No Variations]"
Add component (AddParameter): Name = "Datasheet Link"; Value = "https://www.tme.eu/sl/Document/ce4077e36b79046da520ca73227e15de/XT30PW%20SPEC.pdf"; VariantName = "[No Variations]"
Add component (AddParameter): Name = "Geometry.Height"; Value = "5mm"; VariantName = "[No Variations]"
Add component (AddParameter): Name = "Manufacturer_Name"; Value = "Amass"; VariantName = "[No Variations]"
Add component (AddParameter): Name = "Manufacturer_Part_Number"; Value = "XT30PW-M"; VariantName = "[No Variations]"
Add component (AddParameter): Name = "Mouser Part Number"; Value = ""; VariantName = "[No Variations]"
Add component (AddParameter): Name = "Mouser Price/Stock"; Value = ""; VariantName = "[No Variations]"
Added Component: Designator=XH1(XH2.54-6P-LI)
Added Pin To Net: NetName=NetC8_2 Pin=C9-1
Added Pin To Net: NetName=GND Pin=C9-2
Added Pin To Net: NetName=NetC8_2 Pin=C10-1
Added Pin To Net: NetName=GND Pin=C11-1
Added Pin To Net: NetName=NetC12_2 Pin=C11-2
Added Pin To Net: NetName=NetC2_2 Pin=D1-1
Added Pin To Net: NetName=VM Pin=D1-2
Added Pin To Net: NetName=GND Pin=D2-2
Added Pin To Net: NetName=NetC8_2 Pin=D3-1
Added Pin To Net: NetName=VM Pin=D3-2
Add Pin To Net: Unknown Pin: Pin D4-A
Add Pin To Net: Unknown Pin: Pin D4-K
Added Pin To Net: NetName=GND Pin=D5-2
Added Pin To Net: NetName=VM Pin=E1-1
Added Pin To Net: NetName=GND Pin=E1-2
Added Pin To Net: NetName=L  A Pin=J1-1
Added Pin To Net: NetName=L  B Pin=J1-2
Added Pin To Net: NetName=R  A Pin=J2-1
Added Pin To Net: NetName=R  B Pin=J2-2
Added Pin To Net: NetName=VM Pin=J?-1
Added Pin To Net: NetName=GND Pin=J?-2
Added Pin To Net: NetName=L  B Pin=Q1-3
Added Pin To Net: NetName=L  B Pin=Q1-3
Added Pin To Net: NetName=L  B Pin=Q1-3
Added Pin To Net: NetName=L  A Pin=Q2-3
Added Pin To Net: NetName=L  A Pin=Q2-3
Added Pin To Net: NetName=L  A Pin=Q2-3
Added Pin To Net: NetName=L  B Pin=Q3-1
Added Pin To Net: NetName=L  B Pin=Q3-1
Added Pin To Net: NetName=L  B Pin=Q3-1
Added Pin To Net: NetName=L  B Pin=Q3-1
Added Pin To Net: NetName=L  B Pin=Q3-1
Added Pin To Net: NetName=L  B Pin=Q3-1
Added Pin To Net: NetName=L  A Pin=Q4-1
Added Pin To Net: NetName=L  A Pin=Q4-1
Added Pin To Net: NetName=L  A Pin=Q4-1
Added Pin To Net: NetName=L  A Pin=Q4-1
Added Pin To Net: NetName=L  A Pin=Q4-1
Added Pin To Net: NetName=L  A Pin=Q4-1
Added Pin To Net: NetName=R  B Pin=Q5-3
Added Pin To Net: NetName=R  B Pin=Q5-3
Added Pin To Net: NetName=R  B Pin=Q5-3
Added Pin To Net: NetName=R  A Pin=Q6-3
Added Pin To Net: NetName=R  A Pin=Q6-3
Added Pin To Net: NetName=R  A Pin=Q6-3
Added Pin To Net: NetName=R  B Pin=Q7-1
Added Pin To Net: NetName=R  B Pin=Q7-1
Added Pin To Net: NetName=R  B Pin=Q7-1
Added Pin To Net: NetName=R  B Pin=Q7-1
Added Pin To Net: NetName=R  B Pin=Q7-1
Added Pin To Net: NetName=R  B Pin=Q7-1
Added Pin To Net: NetName=R  A Pin=Q8-1
Added Pin To Net: NetName=R  A Pin=Q8-1
Added Pin To Net: NetName=R  A Pin=Q8-1
Added Pin To Net: NetName=R  A Pin=Q8-1
Added Pin To Net: NetName=R  A Pin=Q8-1
Added Pin To Net: NetName=R  A Pin=Q8-1
Added Pin To Net: NetName=nSLEEP Pin=R1-1
Added Pin To Net: NetName=VM Pin=R2-1
Added Pin To Net: NetName=3V3 Pin=R2-2
Added Pin To Net: NetName=3V3 Pin=R3-2
Added Pin To Net: NetName=L_PH_IN Pin=R4-1
Added Pin To Net: NetName=R_PH_IN Pin=R5-2
Added Pin To Net: NetName=L_EN_IN Pin=R6-1
Added Pin To Net: NetName=GND Pin=R6-2
Added Pin To Net: NetName=GND Pin=R7-1
Added Pin To Net: NetName=R_EN_IN Pin=R7-2
Added Pin To Net: NetName=3V3 Pin=S1-1
Added Pin To Net: NetName=NetQ1_2 Pin=U1-17
Added Pin To Net: NetName=NetQ3_2 Pin=U1-19
Added Pin To Net: NetName=NetQ4_2 Pin=U1-22
Added Pin To Net: NetName=NetQ2_2 Pin=U1-24
Added Pin To Net: NetName=NetC8_2 Pin=U3-1
Added Pin To Net: NetName=NetC8_1 Pin=U3-2
Added Pin To Net: NetName=NetQ5_2 Pin=U3-17
Added Pin To Net: NetName=NetQ7_2 Pin=U3-19
Added Pin To Net: NetName=NetQ8_2 Pin=U3-22
Added Pin To Net: NetName=NetQ6_2 Pin=U3-24
Added Pin To Net: NetName=L_PH_IN Pin=XH1-1
Added Pin To Net: NetName=R_PH_IN Pin=XH1-2
Added Pin To Net: NetName=GND Pin=XH1-3
Added Pin To Net: NetName=GND Pin=XH1-4
Added Pin To Net: NetName=L_EN_IN Pin=XH1-5
Added Pin To Net: NetName=R_EN_IN Pin=XH1-6
Change Net Name : Old Net Name=NetC12_2 New Net Name=NetC11_2
Added Pin To Net: NetName=NetC7_1 Pin=C7-1
Added Pin To Net: NetName=NetC7_1 Pin=U3-4
Added Net: Name=NetC7_1
Added Pin To Net: NetName=NetC7_2 Pin=C7-2
Added Pin To Net: NetName=NetC7_2 Pin=U3-3
Added Net: Name=NetC7_2
Added Pin To Net: NetName=NetC12_2 Pin=C12-2
Added Pin To Net: NetName=NetC12_2 Pin=U3-8
Added Net: Name=NetC12_2
Added Pin To Net: NetName=NetD2_1 Pin=D2-1
Added Pin To Net: NetName=NetD2_1 Pin=R1-2
Added Net: Name=NetD2_1
Added Pin To Net: NetName=NetD5_1 Pin=D5-1
Added Pin To Net: NetName=NetD5_1 Pin=R3-1
Added Net: Name=NetD5_1
Add Class Member: Failed to add class member : Component D4 BZT52C3V3
Added Member To Class: ClassName=智能车驱动板DRV8701E原理图Sheet Member=Component D5 LED
Added Member To Class: ClassName=智能车驱动板DRV8701E原理图Sheet Member=Component E1 10uF/10V
Added Member To Class: ClassName=智能车驱动板DRV8701E原理图Sheet Member=Component J1 XT30PW-M
Added Member To Class: ClassName=智能车驱动板DRV8701E原理图Sheet Member=Component J2 XT30PW-M
Added Member To Class: ClassName=智能车驱动板DRV8701E原理图Sheet Member=Component J? HT-2P
Added Member To Class: ClassName=智能车驱动板DRV8701E原理图Sheet Member=Component XH1 XH2.54-6P
