Drill Listing
=============
Drill: .01  Tool: 1  Feed: 0  Speed: 0
X 594400  Y 388800
X 594500  Y 378500
X 606000  Y 378500
X 606000  Y 389000
X 616500  Y 378500
X 616500  Y 389000
X 657000  Y 372000
X 657200  Y 361800
X 672500  Y 361500
X 672500  Y 408000
X 672600  Y 371800
X 683000  Y 408000
X 720500  Y 408500
X 720500  Y 400000
X 729500  Y 409000
X 729500  Y 400000
X 753500  Y 371500
X 836500  Y 367500
X 837000  Y 383000
X 839500  Y 404500
X 847000  Y 383000
X 847000  Y 367500
X 853000  Y 404500
X 867000  Y 404500
X 879000  Y 404500
X 882000  Y 361800
X 891500  Y 404500
X 903000  Y 404500
X 908200  Y 361800
X 923500  Y 371000
X 981500  Y 400000
X 981500  Y 393500
X 990000  Y 393500
X 990000  Y 400000
X 969500  Y 454500
X 969400  Y 442800
X 957000  Y 454500
X 956600  Y 442600
X 923500  Y 414000
X 920000  Y 444500
X 897200  Y 433000
X 855000  Y 441500
X 850000  Y 441500
X 825000  Y 440500
X 754000  Y 414000
X 729500  Y 416000
X 724000  Y 459500
X 723000  Y 432000
X 720500  Y 416500
X 709000  Y 459500
X 692500  Y 460000
X 683000  Y 428000
X 683000  Y 418000
X 672500  Y 428000
X 672500  Y 417500
X 604300  Y 461200
X 580500  Y 480000
X 611000  Y 485500
X 624200  Y 478800
X 651500  Y 479000
X 679500  Y 463500
X 687000  Y 478000
X 692500  Y 465500
X 692500  Y 471500
X 703800  Y 481400
X 709000  Y 465500
X 709000  Y 471500
X 710000  Y 481500
X 724000  Y 465500
X 724000  Y 471500
X 725500  Y 481000
X 732500  Y 483000
X 761000  Y 479000
X 904000  Y 484000
X 914000  Y 482500
X 990500  Y 482500
X 990500  Y 499500
X 926000  Y 494500
X 926000  Y 505500
X 904000  Y 508000
X 904000  Y 496000
X 879000  Y 489500
X 879000  Y 508000
X 879000  Y 499000
X 866000  Y 499000
X 866000  Y 508000
X 866000  Y 489500
X 839500  Y 498500
X 839500  Y 487500
X 828000  Y 487500
X 827500  Y 498500
X 816000  Y 498500
X 816000  Y 487500
X 766000  Y 491000
X 761000  Y 502500
X 733000  Y 495000
X 714500  Y 489500
X 699000  Y 495500
X 697500  Y 505500
X 695500  Y 495500
X 691500  Y 487000
X 686800  Y 488400
X 657500  Y 504900
X 632000  Y 488300
X 611000  Y 495500
X 611000  Y 490500
X 593800  Y 516800
X 594200  Y 534200
X 598600  Y 516800
X 599000  Y 534200
X 603400  Y 516800
X 603600  Y 534200
X 624500  Y 517000
X 627400  Y 533000
X 627500  Y 524500
X 630500  Y 517000
X 634400  Y 513800
X 634500  Y 524500
X 639500  Y 517000
X 642000  Y 524500
X 645000  Y 517000
X 649500  Y 524500
X 651600  Y 513600
X 654500  Y 517000
X 656000  Y 524500
X 660000  Y 517000
X 662000  Y 524500
X 665200  Y 516800
X 668000  Y 524500
X 674000  Y 532500
X 680000  Y 532500
X 685500  Y 532500
X 691500  Y 521500
X 695000  Y 530000
X 698500  Y 530000
X 703500  Y 515500
X 710000  Y 516000
X 714500  Y 524500
X 725500  Y 515000
X 732500  Y 528500
X 733000  Y 517000
X 744000  Y 535000
X 751000  Y 534500
X 754500  Y 511500
X 801000  Y 512000
X 815500  Y 534000
X 904000  Y 522000
X 928000  Y 516500
X 990500  Y 516500
X 941000  Y 558000
X 940500  Y 544000
X 903000  Y 543000
X 888000  Y 543500
X 802000  Y 541000
X 799000  Y 554500
X 767000  Y 559500
X 751000  Y 551000
X 751000  Y 542000
X 744000  Y 551500
X 744000  Y 542500
X 733000  Y 552000
X 725500  Y 550000
X 714500  Y 558500
X 710000  Y 550500
X 703500  Y 549000
X 691500  Y 555500
X 685500  Y 539000
X 680000  Y 539000
X 679500  Y 547500
X 674000  Y 539000
X 651800  Y 560100
X 624400  Y 561000
X 572700  Y 586300
X 573000  Y 578600
X 582400  Y 578800
X 601800  Y 575400
X 606000  Y 567000
X 606000  Y 575400
X 610200  Y 575400
X 610400  Y 567000
X 629800  Y 571200
X 636800  Y 576600
X 640600  Y 576600
X 644200  Y 576600
X 685800  Y 579800
X 685800  Y 575400
X 685800  Y 583600
X 688000  Y 562000
X 695500  Y 564000
X 698500  Y 564000
X 732500  Y 564000
X 840500  Y 566000
X 844000  Y 566000
X 847500  Y 562000
X 851000  Y 562000
X 976000  Y 590000
X 968000  Y 590000
X 954000  Y 608000
X 935800  Y 602800
X 929800  Y 602800
X 922000  Y 596500
X 915000  Y 599000
X 915000  Y 603000
X 878500  Y 607000
X 873500  Y 607000
X 867500  Y 599000
X 867500  Y 607000
X 860500  Y 607000
X 860000  Y 598500
X 829500  Y 603000
X 829500  Y 599500
X 781000  Y 609500
X 775000  Y 609500
X 750000  Y 595000
X 674500  Y 608000
X 669500  Y 598000
X 667500  Y 608000
X 657000  Y 598000
X 651500  Y 595200
X 646200  Y 591800
X 634400  Y 595400
X 624500  Y 598000
X 620000  Y 608000
X 618500  Y 592000
X 613500  Y 608000
X 612000  Y 592000
X 582200  Y 594300
X 582200  Y 586600
X 572700  Y 594300
X 613500  Y 621000
X 613500  Y 614500
X 620000  Y 621000
X 620000  Y 615000
X 667500  Y 614500
X 667500  Y 622000
X 675000  Y 614500
X 675000  Y 622000
X 688000  Y 618000
X 775000  Y 620500
X 775000  Y 615000
X 781000  Y 620500
X 781000  Y 615000
X 788000  Y 620500
X 803500  Y 621500
X 824000  Y 612500
X 830000  Y 614500
X 835961  Y 619163
X 840000  Y 613800
X 843800  Y 613400
X 878000  Y 620000
X 893800  Y 621000
X 910000  Y 614500
X 914000  Y 612500
X 920500  Y 614000
X 926500  Y 614000
X 930000  Y 616600
X 933000  Y 615000
X 935000  Y 613000
X 954000  Y 615000

Drill: .0315  Tool: 2  Feed: 0  Speed: 0
X 636157  Y 608500
X 646000  Y 598657
X 655842  Y 608500
X 710874  Y 618000
X 703000  Y 618000
X 695125  Y 618000

Drill: .03543  Tool: 3  Feed: 0  Speed: 0
X 817000  Y 391000
X 818500  Y 431000
X 818500  Y 421000
X 827000  Y 391000
X 828500  Y 431000
X 828500  Y 421000
X 837000  Y 391000
X 838500  Y 431000
X 838500  Y 421000
X 847000  Y 391000
X 848500  Y 431000
X 848500  Y 421000
X 857000  Y 391000
X 858500  Y 421000
X 858500  Y 431000
X 867000  Y 391000
X 868500  Y 431000
X 868500  Y 421000
X 878500  Y 431000
X 878500  Y 421000
X 888500  Y 431000
X 888500  Y 421000
X 935000  Y 454000
X 925000  Y 454000
X 915000  Y 454000
X 905000  Y 454000
X 895000  Y 454000
X 885000  Y 454000
X 875000  Y 454000
X 865000  Y 454000
X 855000  Y 454000
X 845000  Y 454000
X 835000  Y 454000
X 825000  Y 454000
X 815000  Y 454000
X 805000  Y 454000
X 795000  Y 454000
X 785000  Y 454000
X 775000  Y 454000
X 765000  Y 454000
X 755000  Y 454000
X 745000  Y 454000
X 745000  Y 464000
X 755000  Y 464000
X 765000  Y 464000
X 775000  Y 464000
X 785000  Y 464000
X 795000  Y 464000
X 805000  Y 464000
X 815000  Y 464000
X 825000  Y 464000
X 835000  Y 464000
X 845000  Y 464000
X 855000  Y 464000
X 865000  Y 464000
X 875000  Y 464000
X 885000  Y 464000
X 895000  Y 464000
X 905000  Y 464000
X 915000  Y 464000
X 925000  Y 464000
X 925000  Y 474000
X 935000  Y 464000
X 935000  Y 474000
X 980500  Y 544000
X 980500  Y 574000
X 970500  Y 544000
X 970500  Y 574000
X 935000  Y 564000
X 935000  Y 574000
X 935000  Y 584000
X 925000  Y 564000
X 925000  Y 574000
X 925000  Y 584000
X 915000  Y 584000
X 915000  Y 574000
X 905000  Y 574000
X 905000  Y 584000
X 895000  Y 574000
X 895000  Y 584000
X 885000  Y 584000
X 885000  Y 574000
X 875000  Y 574000
X 875000  Y 584000
X 865000  Y 574000
X 865000  Y 584000
X 855000  Y 574000
X 855000  Y 584000
X 845000  Y 574000
X 845000  Y 584000
X 837500  Y 537842
X 837500  Y 518157
X 835000  Y 574000
X 835000  Y 584000
X 825000  Y 574000
X 825000  Y 584000
X 815000  Y 574000
X 815000  Y 584000
X 805000  Y 574000
X 805000  Y 584000
X 795000  Y 574000
X 795000  Y 584000
X 785000  Y 574000
X 785000  Y 584000
X 775000  Y 574000
X 775000  Y 584000
X 765000  Y 574000
X 765000  Y 584000
X 755000  Y 574000
X 755000  Y 584000
X 745000  Y 574000
X 745000  Y 584000
X 735500  Y 609500
X 735500  Y 619500
X 745500  Y 609500
X 745500  Y 619500
X 755500  Y 619500
X 755500  Y 609500
X 765500  Y 619500
X 765500  Y 609500

Drill: .04016  Tool: 4  Feed: 0  Speed: 0
X 760500  Y 371500
X 760500  Y 381500
X 770500  Y 371500
X 770500  Y 381500
X 780500  Y 371500
X 780500  Y 381500
X 931000  Y 371000
X 931000  Y 381000
X 941000  Y 371000
X 941000  Y 381000
X 951000  Y 371000
X 951000  Y 381000
X 951000  Y 414000
X 951000  Y 424000
X 941000  Y 414000
X 941000  Y 424000
X 931000  Y 414000
X 931000  Y 424000
X 780500  Y 414000
X 780500  Y 424000
X 770500  Y 414000
X 770500  Y 424000
X 760500  Y 414000
X 760500  Y 424000

Drill: .04724  Tool: 5  Feed: 0  Speed: 0
X 590000  Y 456188
X 590000  Y 468000
X 590000  Y 479811

Drill: .05906  Tool: 6  Feed: 0  Speed: 0
X 704000  Y 375000
X 724000  Y 375000

Drill: .06299  Tool: 7  Feed: 0  Speed: 0
X 590000  Y 443196
X 590000  Y 492803

Drill: .07087  Tool: 8  Feed: 0  Speed: 0
X 618377  Y 369425
X 618377  Y 422574

Drill: .1063  Tool: 9  Feed: 0  Speed: 0
X 642000  Y 381826
X 642000  Y 410173

End of Listing
