Generating 3D model for part SY8303AIC_673540384.
	*Warning: No mapping for cell/part SY8303AIC_673540384
Generating 3D model for part CS_SMD_2082321892.
	*Warning: No mapping for cell/part CS_SMD_2082321892
Generating 3D model for part C-SMD_2756667353.
	*Warning: No mapping for cell/part C-SMD_2756667353
Generating 3D model for part R-SMD_3828648411.
	*Warning: No mapping for cell/part R-SMD_3828648411
Generating 3D model for part SSW-1P_288553046.
	*Warning: No mapping for cell/part SSW-1P_288553046
Generating 3D model for part L-CDRH_3760222385.
	*Warning: No mapping for cell/part L-CDRH_3760222385
Generating 3D model for part HDR-2X4P_2470369872.
	*Warning: No mapping for cell/part HDR-2X4P_2470369872
Generating 3D model for part XH2.54-6P_3166580316.
	*Warning: No mapping for cell/part XH2.54-6P_3166580316
Generating 3D model for part HDR-8P_2720770805.
	*Warning: No mapping for cell/part HDR-8P_2720770805
Generating 3D model for part FPC0.5-16P_543498369.
	*Warning: No mapping for cell/part FPC0.5-16P_543498369
Generating 3D model for part CZ5.08-2P_4210667102.
	*Warning: No mapping for cell/part CZ5.08-2P_4210667102
Generating 3D model for part RT9080-33GB_635732344.
	*Warning: No mapping for cell/part RT9080-33GB_635732344
Generating 3D model for part CT_2126996172.
	*Warning: No mapping for cell/part CT_2126996172
Generating 3D model for part XT60PW-M_3624681415.
	*Warning: No mapping for cell/part XT60PW-M_3624681415
Generating 3D model for part RP-SMD_2559299868.
	*Warning: No mapping for cell/part RP-SMD_2559299868
Generating 3D model for part PH2.0-3P_821119552.
	*Warning: No mapping for cell/part PH2.0-3P_821119552
Generating 3D model for part LED_SMD_3374419447.
	*Warning: No mapping for cell/part LED_SMD_3374419447
