Generating 3D model for part SY8303AIC_673540384.
	*Warning: No mapping for cell/part SY8303AIC_673540384
Generating 3D model for part CS_SMD.
Generating 3D model for part C-SMD.
Generating 3D model for part R-SMD.
Generating 3D model for part L-CDRH.
Generating 3D model for part CT.
Generating 3D model for part HDR-2X4P_2470369872.
	*Warning: No mapping for cell/part HDR-2X4P_2470369872
Generating 3D model for part XH2.54-6P_3166580316.
	*Warning: No mapping for cell/part XH2.54-6P_3166580316
Generating 3D model for part IDC-6P_1279976995.
	*Warning: No mapping for cell/part IDC-6P_1279976995
Generating 3D model for part HDR-8P_2720770805.
	*Warning: No mapping for cell/part HDR-8P_2720770805
Generating 3D model for part FPC0.5-16P.
Generating 3D model for part CZ5.08-2P_4210667102.
	*Warning: No mapping for cell/part CZ5.08-2P_4210667102
Generating 3D model for part MIMXRT1064XVL_COREBOARD_4277428824.
	*Warning: No mapping for cell/part MIMXRT1064XVL_COREBOARD_4277428824
Generating 3D model for part RT9080-33GB_635732344.
	*Warning: No mapping for cell/part RT9080-33GB_635732344
Generating 3D model for part SS8050_4039178358.
	*Warning: No mapping for cell/part SS8050_4039178358
Generating 3D model for part XT60PW-M.
	*Warning: Can't do orientation alignment on a 3D model which has no model properties.
Generating 3D model for part RP-SMD_2559299868.
	*Warning: No mapping for cell/part RP-SMD_2559299868
Generating 3D model for part PH2.0-3P_821119552.
	*Warning: No mapping for cell/part PH2.0-3P_821119552
Generating 3D model for part LED_SMD.
Generating 3D model for part BEEP_307065092.
	*Warning: No mapping for cell/part BEEP_307065092
Generating 3D model for part IRLR7843TRPBF_1105860991.
	*Warning: No mapping for cell/part IRLR7843TRPBF_1105860991
Generating 3D model for part SSW-1P_2987385143.
	*Warning: No mapping for cell/part SSW-1P_2987385143
Generating 3D model for part SW-2P_2140785499.
	*Warning: No mapping for cell/part SW-2P_2140785499
Generating 3D model for part TSW_2P_2320732035.
	*Warning: No mapping for cell/part TSW_2P_2320732035
